This is pdfTeX, Version 3.1415926-2.5-1.40.14 (TeX Live 2013/Debian) (format=pdflatex 2015.12.16)  22 MAR 2016 16:42
entering extended mode
 restricted \write18 enabled.
 %&-line parsing enabled.
**supplementary.tex
(./supplementary.tex
LaTeX2e <2011/06/27>
Babel <3.9h> and hyphenation patterns for 2 languages loaded.
(/usr/share/texlive/texmf-dist/tex/latex/base/article.cls
Document Class: article 2007/10/19 v1.4h Standard LaTeX document class
(/usr/share/texlive/texmf-dist/tex/latex/base/size10.clo
File: size10.clo 2007/10/19 v1.4h Standard LaTeX file (size option)
)
\c@part=\count79
\c@section=\count80
\c@subsection=\count81
\c@subsubsection=\count82
\c@paragraph=\count83
\c@subparagraph=\count84
\c@figure=\count85
\c@table=\count86
\abovecaptionskip=\skip41
\belowcaptionskip=\skip42
\bibindent=\dimen102
)
(/usr/share/texlive/texmf-dist/tex/latex/graphics/epsfig.sty
Package: epsfig 1999/02/16 v1.7a (e)psfig emulation (SPQR)

(/usr/share/texlive/texmf-dist/tex/latex/graphics/graphicx.sty
Package: graphicx 1999/02/16 v1.0f Enhanced LaTeX Graphics (DPC,SPQR)

(/usr/share/texlive/texmf-dist/tex/latex/graphics/keyval.sty
Package: keyval 1999/03/16 v1.13 key=value parser (DPC)
\KV@toks@=\toks14
)
(/usr/share/texlive/texmf-dist/tex/latex/graphics/graphics.sty
Package: graphics 2009/02/05 v1.0o Standard LaTeX Graphics (DPC,SPQR)

(/usr/share/texlive/texmf-dist/tex/latex/graphics/trig.sty
Package: trig 1999/03/16 v1.09 sin cos tan (DPC)
)
(/usr/share/texlive/texmf-dist/tex/latex/latexconfig/graphics.cfg
File: graphics.cfg 2010/04/23 v1.9 graphics configuration of TeX Live
)
Package graphics Info: Driver file: pdftex.def on input line 91.

(/usr/share/texlive/texmf-dist/tex/latex/pdftex-def/pdftex.def
File: pdftex.def 2011/05/27 v0.06d Graphics/color for pdfTeX

(/usr/share/texlive/texmf-dist/tex/generic/oberdiek/infwarerr.sty
Package: infwarerr 2010/04/08 v1.3 Providing info/warning/error messages (HO)
)
(/usr/share/texlive/texmf-dist/tex/generic/oberdiek/ltxcmds.sty
Package: ltxcmds 2011/11/09 v1.22 LaTeX kernel commands for general use (HO)
)
\Gread@gobject=\count87
))
\Gin@req@height=\dimen103
\Gin@req@width=\dimen104
)
\epsfxsize=\dimen105
\epsfysize=\dimen106
)
(/usr/share/texlive/texmf-dist/tex/latex/amsmath/amsmath.sty
Package: amsmath 2013/01/14 v2.14 AMS math features
\@mathmargin=\skip43

For additional information on amsmath, use the `?' option.
(/usr/share/texlive/texmf-dist/tex/latex/amsmath/amstext.sty
Package: amstext 2000/06/29 v2.01

(/usr/share/texlive/texmf-dist/tex/latex/amsmath/amsgen.sty
File: amsgen.sty 1999/11/30 v2.0
\@emptytoks=\toks15
\ex@=\dimen107
))
(/usr/share/texlive/texmf-dist/tex/latex/amsmath/amsbsy.sty
Package: amsbsy 1999/11/29 v1.2d
\pmbraise@=\dimen108
)
(/usr/share/texlive/texmf-dist/tex/latex/amsmath/amsopn.sty
Package: amsopn 1999/12/14 v2.01 operator names
)
\inf@bad=\count88
LaTeX Info: Redefining \frac on input line 210.
\uproot@=\count89
\leftroot@=\count90
LaTeX Info: Redefining \overline on input line 306.
\classnum@=\count91
\DOTSCASE@=\count92
LaTeX Info: Redefining \ldots on input line 378.
LaTeX Info: Redefining \dots on input line 381.
LaTeX Info: Redefining \cdots on input line 466.
\Mathstrutbox@=\box26
\strutbox@=\box27
\big@size=\dimen109
LaTeX Font Info:    Redeclaring font encoding OML on input line 566.
LaTeX Font Info:    Redeclaring font encoding OMS on input line 567.
\macc@depth=\count93
\c@MaxMatrixCols=\count94
\dotsspace@=\muskip10
\c@parentequation=\count95
\dspbrk@lvl=\count96
\tag@help=\toks16
\row@=\count97
\column@=\count98
\maxfields@=\count99
\andhelp@=\toks17
\eqnshift@=\dimen110
\alignsep@=\dimen111
\tagshift@=\dimen112
\tagwidth@=\dimen113
\totwidth@=\dimen114
\lineht@=\dimen115
\@envbody=\toks18
\multlinegap=\skip44
\multlinetaggap=\skip45
\mathdisplay@stack=\toks19
LaTeX Info: Redefining \[ on input line 2665.
LaTeX Info: Redefining \] on input line 2666.
) (./algorithm.sty
Package: algorithm 

Document Style `algorithm' - floating environment
(/usr/share/texlive/texmf-dist/tex/latex/float/float.sty
Package: float 2001/11/08 v1.3d Float enhancements (AL)
\c@float@type=\count100
\float@exts=\toks20
\float@box=\box28
\@float@everytoks=\toks21
\@floatcapt=\box29
)
(/usr/share/texlive/texmf-dist/tex/latex/base/ifthen.sty
Package: ifthen 2001/05/26 v1.1c Standard LaTeX ifthen package (DPC)
)
\@float@every@algorithm=\toks22
\c@algorithm=\count101
) (./algorithmic.sty
Package: algorithmic 

Document Style `algorithmic' - environment
(/usr/share/texlive/texmf-dist/tex/latex/tools/calc.sty
Package: calc 2007/08/22 v4.3 Infix arithmetic (KKT,FJ)
\calc@Acount=\count102
\calc@Bcount=\count103
\calc@Adimen=\dimen116
\calc@Bdimen=\dimen117
\calc@Askip=\skip46
\calc@Bskip=\skip47
LaTeX Info: Redefining \setlength on input line 76.
LaTeX Info: Redefining \addtolength on input line 77.
\calc@Ccount=\count104
\calc@Cskip=\skip48
)
\c@ALC@line=\count105
\c@ALC@rem=\count106
\ALC@tlm=\skip49
)
(/usr/share/texlive/texmf-dist/tex/latex/amsfonts/amssymb.sty
Package: amssymb 2013/01/14 v3.01 AMS font symbols

(/usr/share/texlive/texmf-dist/tex/latex/amsfonts/amsfonts.sty
Package: amsfonts 2013/01/14 v3.01 Basic AMSFonts support
\symAMSa=\mathgroup4
\symAMSb=\mathgroup5
LaTeX Font Info:    Overwriting math alphabet `\mathfrak' in version `bold'
(Font)                  U/euf/m/n --> U/euf/b/n on input line 106.
))
(/usr/share/texlive/texmf-dist/tex/latex/amscls/amsthm.sty
Package: amsthm 2004/08/06 v2.20
\thm@style=\toks23
\thm@bodyfont=\toks24
\thm@headfont=\toks25
\thm@notefont=\toks26
\thm@headpunct=\toks27
\thm@preskip=\skip50
\thm@postskip=\skip51
\thm@headsep=\skip52
\dth@everypar=\toks28
)
(/usr/share/texlive/texmf-dist/tex/latex/cmap/cmap.sty
Package: cmap 2008/03/06 v1.0h CMap support: searchable PDF
)
(/usr/share/texlive/texmf-dist/tex/latex/geometry/geometry.sty
Package: geometry 2010/09/12 v5.6 Page Geometry

(/usr/share/texlive/texmf-dist/tex/generic/oberdiek/ifpdf.sty
Package: ifpdf 2011/01/30 v2.3 Provides the ifpdf switch (HO)
Package ifpdf Info: pdfTeX in PDF mode is detected.
)
(/usr/share/texlive/texmf-dist/tex/generic/oberdiek/ifvtex.sty
Package: ifvtex 2010/03/01 v1.5 Detect VTeX and its facilities (HO)
Package ifvtex Info: VTeX not detected.
)
(/usr/share/texlive/texmf-dist/tex/generic/ifxetex/ifxetex.sty
Package: ifxetex 2010/09/12 v0.6 Provides ifxetex conditional
)
\Gm@cnth=\count107
\Gm@cntv=\count108
\c@Gm@tempcnt=\count109
\Gm@bindingoffset=\dimen118
\Gm@wd@mp=\dimen119
\Gm@odd@mp=\dimen120
\Gm@even@mp=\dimen121
\Gm@layoutwidth=\dimen122
\Gm@layoutheight=\dimen123
\Gm@layouthoffset=\dimen124
\Gm@layoutvoffset=\dimen125
\Gm@dimlist=\toks29
)
(/usr/share/texlive/texmf-dist/tex/latex/hyperref/hyperref.sty
Package: hyperref 2012/11/06 v6.83m Hypertext links for LaTeX

(/usr/share/texlive/texmf-dist/tex/generic/oberdiek/hobsub-hyperref.sty
Package: hobsub-hyperref 2012/05/28 v1.13 Bundle oberdiek, subset hyperref (HO)


(/usr/share/texlive/texmf-dist/tex/generic/oberdiek/hobsub-generic.sty
Package: hobsub-generic 2012/05/28 v1.13 Bundle oberdiek, subset generic (HO)
Package: hobsub 2012/05/28 v1.13 Construct package bundles (HO)
Package hobsub Info: Skipping package `infwarerr' (already loaded).
Package hobsub Info: Skipping package `ltxcmds' (already loaded).
Package: ifluatex 2010/03/01 v1.3 Provides the ifluatex switch (HO)
Package ifluatex Info: LuaTeX not detected.
Package hobsub Info: Skipping package `ifvtex' (already loaded).
Package: intcalc 2007/09/27 v1.1 Expandable calculations with integers (HO)
Package hobsub Info: Skipping package `ifpdf' (already loaded).
Package: etexcmds 2011/02/16 v1.5 Avoid name clashes with e-TeX commands (HO)
Package etexcmds Info: Could not find \expanded.
(etexcmds)             That can mean that you are not using pdfTeX 1.50 or
(etexcmds)             that some package has redefined \expanded.
(etexcmds)             In the latter case, load this package earlier.
Package: kvsetkeys 2012/04/25 v1.16 Key value parser (HO)
Package: kvdefinekeys 2011/04/07 v1.3 Define keys (HO)
Package: pdftexcmds 2011/11/29 v0.20 Utility functions of pdfTeX for LuaTeX (HO
)
Package pdftexcmds Info: LuaTeX not detected.
Package pdftexcmds Info: \pdf@primitive is available.
Package pdftexcmds Info: \pdf@ifprimitive is available.
Package pdftexcmds Info: \pdfdraftmode found.
Package: pdfescape 2011/11/25 v1.13 Implements pdfTeX's escape features (HO)
Package: bigintcalc 2012/04/08 v1.3 Expandable calculations on big integers (HO
)
Package: bitset 2011/01/30 v1.1 Handle bit-vector datatype (HO)
Package: uniquecounter 2011/01/30 v1.2 Provide unlimited unique counter (HO)
)
Package hobsub Info: Skipping package `hobsub' (already loaded).
Package: letltxmacro 2010/09/02 v1.4 Let assignment for LaTeX macros (HO)
Package: hopatch 2012/05/28 v1.2 Wrapper for package hooks (HO)
Package: xcolor-patch 2011/01/30 xcolor patch
Package: atveryend 2011/06/30 v1.8 Hooks at the very end of document (HO)
Package atveryend Info: \enddocument detected (standard20110627).
Package: atbegshi 2011/10/05 v1.16 At begin shipout hook (HO)
Package: refcount 2011/10/16 v3.4 Data extraction from label references (HO)
Package: hycolor 2011/01/30 v1.7 Color options for hyperref/bookmark (HO)
)
(/usr/share/texlive/texmf-dist/tex/latex/oberdiek/auxhook.sty
Package: auxhook 2011/03/04 v1.3 Hooks for auxiliary files (HO)
)
(/usr/share/texlive/texmf-dist/tex/latex/oberdiek/kvoptions.sty
Package: kvoptions 2011/06/30 v3.11 Key value format for package options (HO)
)
\@linkdim=\dimen126
\Hy@linkcounter=\count110
\Hy@pagecounter=\count111

(/usr/share/texlive/texmf-dist/tex/latex/hyperref/pd1enc.def
File: pd1enc.def 2012/11/06 v6.83m Hyperref: PDFDocEncoding definition (HO)
)
\Hy@SavedSpaceFactor=\count112

(/usr/share/texlive/texmf-dist/tex/latex/latexconfig/hyperref.cfg
File: hyperref.cfg 2002/06/06 v1.2 hyperref configuration of TeXLive
)
Package hyperref Info: Option `breaklinks' set `true' on input line 4319.


Package hyperref Warning: Option `letterpaper' is no longer used.

Package hyperref Info: Option `colorlinks' set `true' on input line 4319.
Package hyperref Info: Option `bookmarks' set `false' on input line 4319.
Package hyperref Info: Hyper figures OFF on input line 4443.
Package hyperref Info: Link nesting OFF on input line 4448.
Package hyperref Info: Hyper index ON on input line 4451.
Package hyperref Info: Plain pages OFF on input line 4458.
Package hyperref Info: Backreferencing ON on input line 4461.
Package hyperref Info: Implicit mode ON; LaTeX internals redefined.
Package hyperref Info: Bookmarks OFF on input line 4694.
(/usr/share/texlive/texmf-dist/tex/latex/hyperref/backref.sty
Package: backref 2012/07/25 v1.38 Bibliographical back referencing

(/usr/share/texlive/texmf-dist/tex/latex/oberdiek/rerunfilecheck.sty
Package: rerunfilecheck 2011/04/15 v1.7 Rerun checks for auxiliary files (HO)
Package uniquecounter Info: New unique counter `rerunfilecheck' on input line 2
82.
))
\c@Hy@tempcnt=\count113

(/usr/share/texlive/texmf-dist/tex/latex/url/url.sty
\Urlmuskip=\muskip11
Package: url 2013/09/16  ver 3.4  Verb mode for urls, etc.
)
LaTeX Info: Redefining \url on input line 5041.
\XeTeXLinkMargin=\dimen127
\Fld@menulength=\count114
\Field@Width=\dimen128
\Fld@charsize=\dimen129
Package hyperref Info: Hyper figures OFF on input line 6295.
Package hyperref Info: Link nesting OFF on input line 6300.
Package hyperref Info: Hyper index ON on input line 6303.
Package hyperref Info: backreferencing ON on input line 6308.
Package hyperref Info: Link coloring ON on input line 6313.
Package hyperref Info: Link coloring with OCG OFF on input line 6320.
Package hyperref Info: PDF/A mode OFF on input line 6325.
LaTeX Info: Redefining \ref on input line 6365.
LaTeX Info: Redefining \pageref on input line 6369.
\Hy@abspage=\count115
\c@Item=\count116
\c@Hfootnote=\count117
)

Package hyperref Message: Driver (autodetected): hpdftex.

(/usr/share/texlive/texmf-dist/tex/latex/hyperref/hpdftex.def
File: hpdftex.def 2012/11/06 v6.83m Hyperref driver for pdfTeX
\Fld@listcount=\count118
\c@bookmark@seq@number=\count119
\Hy@SectionHShift=\skip53
)
\c@proposition=\count120
\c@corollary=\count121
\c@lemma=\count122
\c@property=\count123

(./supplementary.aux

LaTeX Warning: Label `fig:inpainting_results' multiply defined.

)
\openout1 = `supplementary.aux'.

LaTeX Font Info:    Checking defaults for OML/cmm/m/it on input line 32.
LaTeX Font Info:    ... okay on input line 32.
LaTeX Font Info:    Checking defaults for T1/cmr/m/n on input line 32.
LaTeX Font Info:    ... okay on input line 32.
LaTeX Font Info:    Checking defaults for OT1/cmr/m/n on input line 32.
LaTeX Font Info:    ... okay on input line 32.
LaTeX Font Info:    Checking defaults for OMS/cmsy/m/n on input line 32.
LaTeX Font Info:    ... okay on input line 32.
LaTeX Font Info:    Checking defaults for OMX/cmex/m/n on input line 32.
LaTeX Font Info:    ... okay on input line 32.
LaTeX Font Info:    Checking defaults for U/cmr/m/n on input line 32.
LaTeX Font Info:    ... okay on input line 32.
LaTeX Font Info:    Checking defaults for PD1/pdf/m/n on input line 32.
LaTeX Font Info:    ... okay on input line 32.
 (/usr/share/texlive/texmf-dist/tex/context/base/supp-pdf.mkii
[Loading MPS to PDF converter (version 2006.09.02).]
\scratchcounter=\count124
\scratchdimen=\dimen130
\scratchbox=\box30
\nofMPsegments=\count125
\nofMParguments=\count126
\everyMPshowfont=\toks30
\MPscratchCnt=\count127
\MPscratchDim=\dimen131
\MPnumerator=\count128
\makeMPintoPDFobject=\count129
\everyMPtoPDFconversion=\toks31
) (/usr/share/texlive/texmf-dist/tex/latex/oberdiek/epstopdf-base.sty
Package: epstopdf-base 2010/02/09 v2.5 Base part for package epstopdf

(/usr/share/texlive/texmf-dist/tex/latex/oberdiek/grfext.sty
Package: grfext 2010/08/19 v1.1 Manage graphics extensions (HO)
)
Package grfext Info: Graphics extension search list:
(grfext)             [.png,.pdf,.jpg,.mps,.jpeg,.jbig2,.jb2,.PNG,.PDF,.JPG,.JPE
G,.JBIG2,.JB2,.eps]
(grfext)             \AppendGraphicsExtensions on input line 452.

(/usr/share/texlive/texmf-dist/tex/latex/latexconfig/epstopdf-sys.cfg
File: epstopdf-sys.cfg 2010/07/13 v1.3 Configuration of (r)epstopdf for TeX Liv
e
))
*geometry* driver: auto-detecting
*geometry* detected driver: pdftex
*geometry* verbose mode - [ preamble ] result:
* driver: pdftex
* paper: a4paper
* layout: <same size as paper>
* layoutoffset:(h,v)=(0.0pt,0.0pt)
* modes: 
* h-part:(L,W,R)=(89.62709pt, 418.25368pt, 89.6271pt)
* v-part:(T,H,B)=(101.40665pt, 591.5302pt, 152.11pt)
* \paperwidth=597.50787pt
* \paperheight=845.04684pt
* \textwidth=418.25368pt
* \textheight=591.5302pt
* \oddsidemargin=17.3571pt
* \evensidemargin=17.3571pt
* \topmargin=-7.86334pt
* \headheight=12.0pt
* \headsep=25.0pt
* \topskip=10.0pt
* \footskip=30.0pt
* \marginparwidth=65.0pt
* \marginparsep=11.0pt
* \columnsep=10.0pt
* \skip\footins=9.0pt plus 4.0pt minus 2.0pt
* \hoffset=0.0pt
* \voffset=0.0pt
* \mag=1000
* \@twocolumnfalse
* \@twosidefalse
* \@mparswitchfalse
* \@reversemarginfalse
* (1in=72.27pt=25.4mm, 1cm=28.453pt)

\AtBeginShipoutBox=\box31
(/usr/share/texlive/texmf-dist/tex/latex/graphics/color.sty
Package: color 2005/11/14 v1.0j Standard LaTeX Color (DPC)

(/usr/share/texlive/texmf-dist/tex/latex/latexconfig/color.cfg
File: color.cfg 2007/01/18 v1.5 color configuration of teTeX/TeXLive
)
Package color Info: Driver file: pdftex.def on input line 130.
)
Package hyperref Info: Link coloring ON on input line 32.

(/usr/share/texlive/texmf-dist/tex/latex/hyperref/nameref.sty
Package: nameref 2012/10/27 v2.43 Cross-referencing by name of section

(/usr/share/texlive/texmf-dist/tex/generic/oberdiek/gettitlestring.sty
Package: gettitlestring 2010/12/03 v1.4 Cleanup title references (HO)
)
\c@section@level=\count130
)
LaTeX Info: Redefining \ref on input line 32.
LaTeX Info: Redefining \pageref on input line 32.
LaTeX Info: Redefining \nameref on input line 32.
<<ot1.cmap>><<oml.cmap>><<oms.cmap>><<omx.cmap>>
LaTeX Font Info:    Try loading font information for U+msa on input line 38.

(/usr/share/texlive/texmf-dist/tex/latex/amsfonts/umsa.fd
File: umsa.fd 2013/01/14 v3.01 AMS symbols A
)
LaTeX Font Info:    Try loading font information for U+msb on input line 38.

(/usr/share/texlive/texmf-dist/tex/latex/amsfonts/umsb.fd
File: umsb.fd 2013/01/14 v3.01 AMS symbols B
)
<../../images/synthetic_results/linear_w5.png, id=8, 1572.5952pt x 724.8681pt>
File: ../../images/synthetic_results/linear_w5.png Graphic file (type png)

<use ../../images/synthetic_results/linear_w5.png>
Package pdftex.def Info: ../../images/synthetic_results/linear_w5.png used on i
nput line 49.
(pdftex.def)             Requested size: 460.08159pt x 212.06454pt.

<../../images/synthetic_results/linear_w5_cooc.png, id=10, 1576.9314pt x 741.49
02pt>
File: ../../images/synthetic_results/linear_w5_cooc.png Graphic file (type png)

 <use ../../images/synthetic_results/linear_w5_cooc.png>
Package pdftex.def Info: ../../images/synthetic_results/linear_w5_cooc.png used
 on input line 58.
(pdftex.def)             Requested size: 460.08159pt x 216.32777pt.

<../../images/synthetic_results/linear_w10.png, id=11, 1588.4946pt x 724.8681pt
>
File: ../../images/synthetic_results/linear_w10.png Graphic file (type png)
 <use ../../images/synthetic_results/linear_w10.png>
Package pdftex.def Info: ../../images/synthetic_results/linear_w10.png used on 
input line 67.
(pdftex.def)             Requested size: 460.08159pt x 209.9409pt.

<../../images/synthetic_results/linear_w10_cooc.png, id=12, 1577.6541pt x 741.4
902pt>
File: ../../images/synthetic_results/linear_w10_cooc.png Graphic file (type png
)
 <use ../../images/synthetic_results/linear_w10_cooc.png>
Package pdftex.def Info: ../../images/synthetic_results/linear_w10_cooc.png use
d on input line 77.
(pdftex.def)             Requested size: 460.08159pt x 216.23727pt.

<../../images/synthetic_results/quadratic_w5.png, id=15, 1480.0896pt x 724.8681
pt>
File: ../../images/synthetic_results/quadratic_w5.png Graphic file (type png)
 <use ../../images/synthetic_results/quadratic_w5.png>
Package pdftex.def Info: ../../images/synthetic_results/quadratic_w5.png used o
n input line 86.
(pdftex.def)             Requested size: 460.08159pt x 225.32617pt.


LaTeX Warning: Citation `dokaniaiccv15' on page 1 undefined on input line 92.


LaTeX Warning: Citation `ladickyeccv10' on page 1 undefined on input line 92.


LaTeX Warning: Citation `dokaniaiccv15' on page 1 undefined on input line 94.


LaTeX Warning: Citation `ladickyeccv10' on page 1 undefined on input line 94.


LaTeX Warning: Citation `ladickyeccv10' on page 1 undefined on input line 96.


LaTeX Warning: Citation `ladickyeccv10' on page 1 undefined on input line 96.

[1

{/var/lib/texmf/fonts/map/pdftex/updmap/pdftex.map}] [2 <../../images/synthetic
_results/linear_w5.png> <../../images/synthetic_results/linear_w5_cooc.png>]
[3 <../../images/synthetic_results/linear_w10.png> <../../images/synthetic_resu
lts/linear_w10_cooc.png>] [4 <../../images/synthetic_results/quadratic_w5.png>]

LaTeX Warning: Citation `comaniciu2002mean' on page 5 undefined on input line 1
08.


LaTeX Warning: Citation `dokaniaiccv15' on page 5 undefined on input line 112.


LaTeX Warning: Citation `ladickyeccv10' on page 5 undefined on input line 112.


LaTeX Warning: Citation `dokaniaiccv15' on page 5 undefined on input line 112.


LaTeX Warning: Citation `ladickyeccv10' on page 5 undefined on input line 112.


<../../images/inpainting_results/penguin-input.png, id=65, 122.4575pt x 179.671
25pt>
File: ../../images/inpainting_results/penguin-input.png Graphic file (type png)

 <use ../../images/inpainting_results/penguin-input.png>
Package pdftex.def Info: ../../images/inpainting_results/penguin-input.png used
 on input line 117.
(pdftex.def)             Requested size: 73.47505pt x 107.80356pt.

<../../images/inpainting_results/penguin_COOC_w40_M40.png, id=66, 122.4575pt x 
179.67125pt>
File: ../../images/inpainting_results/penguin_COOC_w40_M40.png Graphic file (ty
pe png)
 <use ../../images/inpainting_results/penguin_COOC_w40_M40.png>
Package pdftex.def Info: ../../images/inpainting_results/penguin_COOC_w40_M40.p
ng used on input line 118.
(pdftex.def)             Requested size: 73.47505pt x 107.80356pt.

<../../images/inpainting_results/penguin_HIER_w40_M40.png, id=67, 122.4575pt x 
179.67125pt>
File: ../../images/inpainting_results/penguin_HIER_w40_M40.png Graphic file (ty
pe png)
 <use ../../images/inpainting_results/penguin_HIER_w40_M40.png>
Package pdftex.def Info: ../../images/inpainting_results/penguin_HIER_w40_M40.p
ng used on input line 119.
(pdftex.def)             Requested size: 73.47505pt x 107.80356pt.

<../../images/inpainting_results/confFileInpainting_penguinL5_m1_M40_wc40_label
ing.png, id=68, 122.4575pt x 179.67125pt>
File: ../../images/inpainting_results/confFileInpainting_penguinL5_m1_M40_wc40_
labeling.png Graphic file (type png)

<use ../../images/inpainting_results/confFileInpainting_penguinL5_m1_M40_wc40_l
abeling.png>
Package pdftex.def Info: ../../images/inpainting_results/confFileInpainting_pen
guinL5_m1_M40_wc40_labeling.png used on input line 122.
(pdftex.def)             Requested size: 73.47505pt x 107.80356pt.

<../../images/inpainting_results/confFileInpainting_penguinL10_m1_M40_wc40_labe
ling.png, id=69, 122.4575pt x 179.67125pt>
File: ../../images/inpainting_results/confFileInpainting_penguinL10_m1_M40_wc40
_labeling.png Graphic file (type png)

<use ../../images/inpainting_results/confFileInpainting_penguinL10_m1_M40_wc40_
labeling.png>
Package pdftex.def Info: ../../images/inpainting_results/confFileInpainting_pen
guinL10_m1_M40_wc40_labeling.png used on input line 123.
(pdftex.def)             Requested size: 73.47505pt x 107.80356pt.

<../../images/inpainting_results/confFileInpainting_penguinL20_m1_M40_wc40_labe
ling.png, id=70, 122.4575pt x 179.67125pt>
File: ../../images/inpainting_results/confFileInpainting_penguinL20_m1_M40_wc40
_labeling.png Graphic file (type png)

<use ../../images/inpainting_results/confFileInpainting_penguinL20_m1_M40_wc40_
labeling.png>
Package pdftex.def Info: ../../images/inpainting_results/confFileInpainting_pen
guinL20_m1_M40_wc40_labeling.png used on input line 124.
(pdftex.def)             Requested size: 73.47505pt x 107.80356pt.

<../../images/inpainting_results/confFileInpainting_penguinL5_m3_M40_wc40_label
ing.png, id=71, 122.4575pt x 179.67125pt>
File: ../../images/inpainting_results/confFileInpainting_penguinL5_m3_M40_wc40_
labeling.png Graphic file (type png)

<use ../../images/inpainting_results/confFileInpainting_penguinL5_m3_M40_wc40_l
abeling.png>
Package pdftex.def Info: ../../images/inpainting_results/confFileInpainting_pen
guinL5_m3_M40_wc40_labeling.png used on input line 127.
(pdftex.def)             Requested size: 73.47505pt x 107.80356pt.

<../../images/inpainting_results/confFileInpainting_penguinL10_m3_M40_wc40_labe
ling.png, id=72, 122.4575pt x 179.67125pt>
File: ../../images/inpainting_results/confFileInpainting_penguinL10_m3_M40_wc40
_labeling.png Graphic file (type png)

<use ../../images/inpainting_results/confFileInpainting_penguinL10_m3_M40_wc40_
labeling.png>
Package pdftex.def Info: ../../images/inpainting_results/confFileInpainting_pen
guinL10_m3_M40_wc40_labeling.png used on input line 128.
(pdftex.def)             Requested size: 73.47505pt x 107.80356pt.

<../../images/inpainting_results/confFileInpainting_penguinL20_m3_M40_wc40_labe
ling.png, id=73, 122.4575pt x 179.67125pt>
File: ../../images/inpainting_results/confFileInpainting_penguinL20_m3_M40_wc40
_labeling.png Graphic file (type png)

<use ../../images/inpainting_results/confFileInpainting_penguinL20_m3_M40_wc40_
labeling.png>
Package pdftex.def Info: ../../images/inpainting_results/confFileInpainting_pen
guinL20_m3_M40_wc40_labeling.png used on input line 129.
(pdftex.def)             Requested size: 73.47505pt x 107.80356pt.

<../../images/inpainting_results/confFileInpainting_penguinL5_m5_M40_wc40_label
ing.png, id=74, 122.4575pt x 179.67125pt>
File: ../../images/inpainting_results/confFileInpainting_penguinL5_m5_M40_wc40_
labeling.png Graphic file (type png)

<use ../../images/inpainting_results/confFileInpainting_penguinL5_m5_M40_wc40_l
abeling.png>
Package pdftex.def Info: ../../images/inpainting_results/confFileInpainting_pen
guinL5_m5_M40_wc40_labeling.png used on input line 132.
(pdftex.def)             Requested size: 73.47505pt x 107.80356pt.

<../../images/inpainting_results/confFileInpainting_penguinL10_m5_M40_wc40_labe
ling.png, id=75, 122.4575pt x 179.67125pt>
File: ../../images/inpainting_results/confFileInpainting_penguinL10_m5_M40_wc40
_labeling.png Graphic file (type png)

<use ../../images/inpainting_results/confFileInpainting_penguinL10_m5_M40_wc40_
labeling.png>
Package pdftex.def Info: ../../images/inpainting_results/confFileInpainting_pen
guinL10_m5_M40_wc40_labeling.png used on input line 133.
(pdftex.def)             Requested size: 73.47505pt x 107.80356pt.

<../../images/inpainting_results/confFileInpainting_penguinL20_m5_M40_wc40_labe
ling.png, id=76, 122.4575pt x 179.67125pt>
File: ../../images/inpainting_results/confFileInpainting_penguinL20_m5_M40_wc40
_labeling.png Graphic file (type png)

<use ../../images/inpainting_results/confFileInpainting_penguinL20_m5_M40_wc40_
labeling.png>
Package pdftex.def Info: ../../images/inpainting_results/confFileInpainting_pen
guinL20_m5_M40_wc40_labeling.png used on input line 134.
(pdftex.def)             Requested size: 73.47505pt x 107.80356pt.

<../../images/inpainting_results/house-input.png, id=77, 256.96pt x 256.96pt>
File: ../../images/inpainting_results/house-input.png Graphic file (type png)

<use ../../images/inpainting_results/house-input.png>
Package pdftex.def Info: ../../images/inpainting_results/house-input.png used o
n input line 145.
(pdftex.def)             Requested size: 102.78217pt x 102.78217pt.

<../../images/inpainting_results/house_COOC_w50_M50.png, id=78, 256.96pt x 256.
96pt>
File: ../../images/inpainting_results/house_COOC_w50_M50.png Graphic file (type
 png)
 <use ../../images/inpainting_results/house_COOC_w50_M50.png>
Package pdftex.def Info: ../../images/inpainting_results/house_COOC_w50_M50.png
 used on input line 146.
(pdftex.def)             Requested size: 102.78217pt x 102.78217pt.

<../../images/inpainting_results/house_HIER_w50_M50.png, id=79, 256.96pt x 256.
96pt>
File: ../../images/inpainting_results/house_HIER_w50_M50.png Graphic file (type
 png)
 <use ../../images/inpainting_results/house_HIER_w50_M50.png>
Package pdftex.def Info: ../../images/inpainting_results/house_HIER_w50_M50.png
 used on input line 147.
(pdftex.def)             Requested size: 102.78217pt x 102.78217pt.

<../../images/inpainting_results/confFileInpainting_houseL5_m1_M50_wc50_labelin
g.png, id=80, 256.96pt x 256.96pt>
File: ../../images/inpainting_results/confFileInpainting_houseL5_m1_M50_wc50_la
beling.png Graphic file (type png)

<use ../../images/inpainting_results/confFileInpainting_houseL5_m1_M50_wc50_lab
eling.png>
Package pdftex.def Info: ../../images/inpainting_results/confFileInpainting_hou
seL5_m1_M50_wc50_labeling.png used on input line 150.
(pdftex.def)             Requested size: 102.78217pt x 102.78217pt.

<../../images/inpainting_results/confFileInpainting_houseL10_m1_M50_wc50_labeli
ng.png, id=81, 256.96pt x 256.96pt>
File: ../../images/inpainting_results/confFileInpainting_houseL10_m1_M50_wc50_l
abeling.png Graphic file (type png)

<use ../../images/inpainting_results/confFileInpainting_houseL10_m1_M50_wc50_la
beling.png>
Package pdftex.def Info: ../../images/inpainting_results/confFileInpainting_hou
seL10_m1_M50_wc50_labeling.png used on input line 151.
(pdftex.def)             Requested size: 102.78217pt x 102.78217pt.

<../../images/inpainting_results/confFileInpainting_houseL20_m1_M50_wc50_labeli
ng.png, id=82, 256.96pt x 256.96pt>
File: ../../images/inpainting_results/confFileInpainting_houseL20_m1_M50_wc50_l
abeling.png Graphic file (type png)

<use ../../images/inpainting_results/confFileInpainting_houseL20_m1_M50_wc50_la
beling.png>
Package pdftex.def Info: ../../images/inpainting_results/confFileInpainting_hou
seL20_m1_M50_wc50_labeling.png used on input line 152.
(pdftex.def)             Requested size: 102.78217pt x 102.78217pt.

<../../images/inpainting_results/confFileInpainting_houseL5_m3_M50_wc50_labelin
g.png, id=83, 256.96pt x 256.96pt>
File: ../../images/inpainting_results/confFileInpainting_houseL5_m3_M50_wc50_la
beling.png Graphic file (type png)

<use ../../images/inpainting_results/confFileInpainting_houseL5_m3_M50_wc50_lab
eling.png>
Package pdftex.def Info: ../../images/inpainting_results/confFileInpainting_hou
seL5_m3_M50_wc50_labeling.png used on input line 155.
(pdftex.def)             Requested size: 102.78217pt x 102.78217pt.

<../../images/inpainting_results/confFileInpainting_houseL10_m3_M50_wc50_labeli
ng.png, id=84, 256.96pt x 256.96pt>
File: ../../images/inpainting_results/confFileInpainting_houseL10_m3_M50_wc50_l
abeling.png Graphic file (type png)

<use ../../images/inpainting_results/confFileInpainting_houseL10_m3_M50_wc50_la
beling.png>
Package pdftex.def Info: ../../images/inpainting_results/confFileInpainting_hou
seL10_m3_M50_wc50_labeling.png used on input line 156.
(pdftex.def)             Requested size: 102.78217pt x 102.78217pt.

<../../images/inpainting_results/confFileInpainting_houseL20_m3_M50_wc50_labeli
ng.png, id=85, 256.96pt x 256.96pt>
File: ../../images/inpainting_results/confFileInpainting_houseL20_m3_M50_wc50_l
abeling.png Graphic file (type png)

<use ../../images/inpainting_results/confFileInpainting_houseL20_m3_M50_wc50_la
beling.png>
Package pdftex.def Info: ../../images/inpainting_results/confFileInpainting_hou
seL20_m3_M50_wc50_labeling.png used on input line 157.
(pdftex.def)             Requested size: 102.78217pt x 102.78217pt.

<../../images/inpainting_results/confFileInpainting_houseL5_m5_M50_wc50_labelin
g.png, id=86, 256.96pt x 256.96pt>
File: ../../images/inpainting_results/confFileInpainting_houseL5_m5_M50_wc50_la
beling.png Graphic file (type png)

<use ../../images/inpainting_results/confFileInpainting_houseL5_m5_M50_wc50_lab
eling.png>
Package pdftex.def Info: ../../images/inpainting_results/confFileInpainting_hou
seL5_m5_M50_wc50_labeling.png used on input line 160.
(pdftex.def)             Requested size: 102.78217pt x 102.78217pt.

<../../images/inpainting_results/confFileInpainting_houseL10_m5_M50_wc50_labeli
ng.png, id=87, 256.96pt x 256.96pt>
File: ../../images/inpainting_results/confFileInpainting_houseL10_m5_M50_wc50_l
abeling.png Graphic file (type png)

<use ../../images/inpainting_results/confFileInpainting_houseL10_m5_M50_wc50_la
beling.png>
Package pdftex.def Info: ../../images/inpainting_results/confFileInpainting_hou
seL10_m5_M50_wc50_labeling.png used on input line 161.
(pdftex.def)             Requested size: 102.78217pt x 102.78217pt.

<../../images/inpainting_results/confFileInpainting_houseL20_m5_M50_wc50_labeli
ng.png, id=88, 256.96pt x 256.96pt>
File: ../../images/inpainting_results/confFileInpainting_houseL20_m5_M50_wc50_l
abeling.png Graphic file (type png)

<use ../../images/inpainting_results/confFileInpainting_houseL20_m5_M50_wc50_la
beling.png>
Package pdftex.def Info: ../../images/inpainting_results/confFileInpainting_hou
seL20_m5_M50_wc50_labeling.png used on input line 162.
(pdftex.def)             Requested size: 102.78217pt x 102.78217pt.
 [5

] [6 <../../images/inpainting_results/penguin-input.png (PNG copy)> <../../imag
es/inpainting_results/penguin_COOC_w40_M40.png (PNG copy)> <../../images/inpain
ting_results/penguin_HIER_w40_M40.png (PNG copy)> <../../images/inpainting_resu
lts/confFileInpainting_penguinL5_m1_M40_wc40_labeling.png (PNG copy)> <../../im
ages/inpainting_results/confFileInpainting_penguinL10_m1_M40_wc40_labeling.png 
(PNG copy)> <../../images/inpainting_results/confFileInpainting_penguinL20_m1_M
40_wc40_labeling.png (PNG copy)> <../../images/inpainting_results/confFileInpai
nting_penguinL5_m3_M40_wc40_labeling.png (PNG copy)> <../../images/inpainting_r
esults/confFileInpainting_penguinL10_m3_M40_wc40_labeling.png (PNG copy)> <../.
./images/inpainting_results/confFileInpainting_penguinL20_m3_M40_wc40_labeling.
png (PNG copy)> <../../images/inpainting_results/confFileInpainting_penguinL5_m
5_M40_wc40_labeling.png (PNG copy)> <../../images/inpainting_results/confFileIn
painting_penguinL10_m5_M40_wc40_labeling.png (PNG copy)> <../../images/inpainti
ng_results/confFileInpainting_penguinL20_m5_M40_wc40_labeling.png (PNG copy)>] 
[7 <../../images/inpainting_results/house-input.png (PNG copy)> <../../images/i
npainting_results/house_COOC_w50_M50.png (PNG copy)> <../../images/inpainting_r
esults/house_HIER_w50_M50.png (PNG copy)> <../../images/inpainting_results/conf
FileInpainting_houseL5_m1_M50_wc50_labeling.png (PNG copy)> <../../images/inpai
nting_results/confFileInpainting_houseL10_m1_M50_wc50_labeling.png (PNG copy)> 
<../../images/inpainting_results/confFileInpainting_houseL20_m1_M50_wc50_labeli
ng.png (PNG copy)> <../../images/inpainting_results/confFileInpainting_houseL5_
m3_M50_wc50_labeling.png (PNG copy)> <../../images/inpainting_results/confFileI
npainting_houseL10_m3_M50_wc50_labeling.png (PNG copy)> <../../images/inpaintin
g_results/confFileInpainting_houseL20_m3_M50_wc50_labeling.png (PNG copy)> <../
../images/inpainting_results/confFileInpainting_houseL5_m5_M50_wc50_labeling.pn
g (PNG copy)> <../../images/inpainting_results/confFileInpainting_houseL10_m5_M
50_wc50_labeling.png (PNG copy)> <../../images/inpainting_results/confFileInpai
nting_houseL20_m5_M50_wc50_labeling.png (PNG copy)>]

LaTeX Warning: Citation `comaniciu2002mean' on page 8 undefined on input line 1
75.


LaTeX Warning: Citation `dokaniaiccv15' on page 8 undefined on input line 180.


LaTeX Warning: Citation `ladickyeccv10' on page 8 undefined on input line 180.

[8

]
*geometry* verbose mode - [ newgeometry ] result:
* driver: pdftex
* paper: a4paper
* layout: <same size as paper>
* layoutoffset:(h,v)=(0.0pt,0.0pt)
* modes: 
* h-part:(L,W,R)=(113.81102pt, 398.3386pt, 85.35826pt)
* v-part:(T,H,B)=(101.40665pt, 658.28194pt, 85.35826pt)
* \paperwidth=597.50787pt
* \paperheight=845.04684pt
* \textwidth=398.3386pt
* \textheight=658.28194pt
* \oddsidemargin=41.54103pt
* \evensidemargin=41.54103pt
* \topmargin=-7.86334pt
* \headheight=12.0pt
* \headsep=25.0pt
* \topskip=10.0pt
* \footskip=30.0pt
* \marginparwidth=65.0pt
* \marginparsep=11.0pt
* \columnsep=10.0pt
* \skip\footins=9.0pt plus 4.0pt minus 2.0pt
* \hoffset=0.0pt
* \voffset=0.0pt
* \mag=1000
* \@twocolumnfalse
* \@twosidefalse
* \@mparswitchfalse
* \@reversemarginfalse
* (1in=72.27pt=25.4mm, 1cm=28.453pt)


<../../images/stereo_results/tsukuba_groundtruth.png, id=121, 385.44pt x 289.08
pt>
File: ../../images/stereo_results/tsukuba_groundtruth.png Graphic file (type pn
g)
 <use ../../images/stereo_results/tsukuba_groundtruth.png>
Package pdftex.def Info: ../../images/stereo_results/tsukuba_groundtruth.png us
ed on input line 188.
(pdftex.def)             Requested size: 65.52393pt x 49.14294pt.

<../../images/stereo_results/tsukuba_COOC_M5_wc20.png, id=122, 385.44pt x 289.0
8pt>
File: ../../images/stereo_results/tsukuba_COOC_M5_wc20.png Graphic file (type p
ng)
 <use ../../images/stereo_results/tsukuba_COOC_M5_wc20.png>
Package pdftex.def Info: ../../images/stereo_results/tsukuba_COOC_M5_wc20.png u
sed on input line 189.
(pdftex.def)             Requested size: 65.52393pt x 49.14294pt.

<../../images/stereo_results/tsukuba_HIER_M5_wc20.png, id=123, 385.44pt x 289.0
8pt>
File: ../../images/stereo_results/tsukuba_HIER_M5_wc20.png Graphic file (type p
ng)
 <use ../../images/stereo_results/tsukuba_HIER_M5_wc20.png>
Package pdftex.def Info: ../../images/stereo_results/tsukuba_HIER_M5_wc20.png u
sed on input line 190.
(pdftex.def)             Requested size: 65.52393pt x 49.14294pt.

<../../images/stereo_results/confFileStereo_tsukubaL6_m1_M5_wc20_labeling.png, 
id=124, 385.44pt x 289.08pt>
File: ../../images/stereo_results/confFileStereo_tsukubaL6_m1_M5_wc20_labeling.
png Graphic file (type png)

<use ../../images/stereo_results/confFileStereo_tsukubaL6_m1_M5_wc20_labeling.p
ng>
Package pdftex.def Info: ../../images/stereo_results/confFileStereo_tsukubaL6_m
1_M5_wc20_labeling.png used on input line 191.
(pdftex.def)             Requested size: 65.52393pt x 49.14294pt.

<../../images/stereo_results/confFileStereo_tsukubaL6_m3_M5_wc40_labeling.png, 
id=125, 385.44pt x 289.08pt>
File: ../../images/stereo_results/confFileStereo_tsukubaL6_m3_M5_wc40_labeling.
png Graphic file (type png)

<use ../../images/stereo_results/confFileStereo_tsukubaL6_m3_M5_wc40_labeling.p
ng>
Package pdftex.def Info: ../../images/stereo_results/confFileStereo_tsukubaL6_m
3_M5_wc40_labeling.png used on input line 192.
(pdftex.def)             Requested size: 65.52393pt x 49.14294pt.

<../../images/stereo_results/teddy_groundtruth.png, id=126, 451.6875pt x 376.40
625pt>
File: ../../images/stereo_results/teddy_groundtruth.png Graphic file (type png)

 <use ../../images/stereo_results/teddy_groundtruth.png>
Package pdftex.def Info: ../../images/stereo_results/teddy_groundtruth.png used
 on input line 195.
(pdftex.def)             Requested size: 67.7502pt x 56.4585pt.

<../../images/stereo_results/teddy_COOC_M1_wc20.png, id=127, 451.6875pt x 376.4
0625pt>
File: ../../images/stereo_results/teddy_COOC_M1_wc20.png Graphic file (type png
)
 <use ../../images/stereo_results/teddy_COOC_M1_wc20.png>
Package pdftex.def Info: ../../images/stereo_results/teddy_COOC_M1_wc20.png use
d on input line 196.
(pdftex.def)             Requested size: 67.7502pt x 56.4585pt.

<../../images/stereo_results/teddy_HIER_M1_wc20.png, id=128, 451.6875pt x 376.4
0625pt>
File: ../../images/stereo_results/teddy_HIER_M1_wc20.png Graphic file (type png
)
 <use ../../images/stereo_results/teddy_HIER_M1_wc20.png>
Package pdftex.def Info: ../../images/stereo_results/teddy_HIER_M1_wc20.png use
d on input line 197.
(pdftex.def)             Requested size: 67.7502pt x 56.4585pt.

<../../images/stereo_results/confFileStereo_teddyL3_m1_M1_wc20_labeling.png, id
=129, 451.6875pt x 376.40625pt>
File: ../../images/stereo_results/confFileStereo_teddyL3_m1_M1_wc20_labeling.pn
g Graphic file (type png)

<use ../../images/stereo_results/confFileStereo_teddyL3_m1_M1_wc20_labeling.png
>
Package pdftex.def Info: ../../images/stereo_results/confFileStereo_teddyL3_m1_
M1_wc20_labeling.png used on input line 198.
(pdftex.def)             Requested size: 67.7502pt x 56.4585pt.

<../../images/stereo_results/confFileStereo_teddyL3_m3_M1_wc20_labeling.png, id
=130, 451.6875pt x 376.40625pt>
File: ../../images/stereo_results/confFileStereo_teddyL3_m3_M1_wc20_labeling.pn
g Graphic file (type png)

<use ../../images/stereo_results/confFileStereo_teddyL3_m3_M1_wc20_labeling.png
>
Package pdftex.def Info: ../../images/stereo_results/confFileStereo_teddyL3_m3_
M1_wc20_labeling.png used on input line 199.
(pdftex.def)             Requested size: 67.7502pt x 56.4585pt.

<../../images/stereo_results/venus_groundtruth.png, id=131, 435.6275pt x 384.43
625pt>
File: ../../images/stereo_results/venus_groundtruth.png Graphic file (type png)

 <use ../../images/stereo_results/venus_groundtruth.png>
Package pdftex.def Info: ../../images/stereo_results/venus_groundtruth.png used
 on input line 202.
(pdftex.def)             Requested size: 65.3413pt x 57.66295pt.

<../../images/stereo_results/venus_COOC_M5_wc20.png, id=132, 435.6275pt x 384.4
3625pt>
File: ../../images/stereo_results/venus_COOC_M5_wc20.png Graphic file (type png
)
 <use ../../images/stereo_results/venus_COOC_M5_wc20.png>
Package pdftex.def Info: ../../images/stereo_results/venus_COOC_M5_wc20.png use
d on input line 203.
(pdftex.def)             Requested size: 65.3413pt x 57.66295pt.

<../../images/stereo_results/venus_HIER_M5_wc20.png, id=133, 435.6275pt x 384.4
3625pt>
File: ../../images/stereo_results/venus_HIER_M5_wc20.png Graphic file (type png
)
 <use ../../images/stereo_results/venus_HIER_M5_wc20.png>
Package pdftex.def Info: ../../images/stereo_results/venus_HIER_M5_wc20.png use
d on input line 204.
(pdftex.def)             Requested size: 65.3413pt x 57.66295pt.

<../../images/stereo_results/confFileStereo_venusL6_m1_M5_wc20_labeling.png, id
=134, 435.6275pt x 384.43625pt>
File: ../../images/stereo_results/confFileStereo_venusL6_m1_M5_wc20_labeling.pn
g Graphic file (type png)

<use ../../images/stereo_results/confFileStereo_venusL6_m1_M5_wc20_labeling.png
>
Package pdftex.def Info: ../../images/stereo_results/confFileStereo_venusL6_m1_
M5_wc20_labeling.png used on input line 205.
(pdftex.def)             Requested size: 65.3413pt x 57.66295pt.

<../../images/stereo_results/confFileStereo_venusL6_m3_M5_wc20_labeling.png, id
=135, 435.6275pt x 384.43625pt>
File: ../../images/stereo_results/confFileStereo_venusL6_m3_M5_wc20_labeling.pn
g Graphic file (type png)

<use ../../images/stereo_results/confFileStereo_venusL6_m3_M5_wc20_labeling.png
>
Package pdftex.def Info: ../../images/stereo_results/confFileStereo_venusL6_m3_
M5_wc20_labeling.png used on input line 206.
(pdftex.def)             Requested size: 65.3413pt x 57.66295pt.

<../../images/stereo_results/cone_groundtruth.png, id=136, 451.6875pt x 376.406
25pt>
File: ../../images/stereo_results/cone_groundtruth.png Graphic file (type png)
 <use ../../images/stereo_results/cone_groundtruth.png>
Package pdftex.def Info: ../../images/stereo_results/cone_groundtruth.png used 
on input line 209.
(pdftex.def)             Requested size: 67.7502pt x 56.4585pt.

<../../images/stereo_results/cone_COOC_M5_wc20.png, id=137, 451.6875pt x 376.40
625pt>
File: ../../images/stereo_results/cone_COOC_M5_wc20.png Graphic file (type png)

 <use ../../images/stereo_results/cone_COOC_M5_wc20.png>
Package pdftex.def Info: ../../images/stereo_results/cone_COOC_M5_wc20.png used
 on input line 210.
(pdftex.def)             Requested size: 67.7502pt x 56.4585pt.

<../../images/stereo_results/cone_HIER_M5_wc20.png, id=138, 451.6875pt x 376.40
625pt>
File: ../../images/stereo_results/cone_HIER_M5_wc20.png Graphic file (type png)

 <use ../../images/stereo_results/cone_HIER_M5_wc20.png>
Package pdftex.def Info: ../../images/stereo_results/cone_HIER_M5_wc20.png used
 on input line 211.
(pdftex.def)             Requested size: 67.7502pt x 56.4585pt.

<../../images/stereo_results/confFileStereo_coneL6_m1_M5_wc20_labeling.png, id=
139, 451.6875pt x 376.40625pt>
File: ../../images/stereo_results/confFileStereo_coneL6_m1_M5_wc20_labeling.png
 Graphic file (type png)

<use ../../images/stereo_results/confFileStereo_coneL6_m1_M5_wc20_labeling.png>
Package pdftex.def Info: ../../images/stereo_results/confFileStereo_coneL6_m1_M
5_wc20_labeling.png used on input line 212.
(pdftex.def)             Requested size: 67.7502pt x 56.4585pt.

<../../images/stereo_results/confFileStereo_coneL6_m3_M5_wc20_labeling.png, id=
140, 451.6875pt x 376.40625pt>
File: ../../images/stereo_results/confFileStereo_coneL6_m3_M5_wc20_labeling.png
 Graphic file (type png)

<use ../../images/stereo_results/confFileStereo_coneL6_m3_M5_wc20_labeling.png>
Package pdftex.def Info: ../../images/stereo_results/confFileStereo_coneL6_m3_M
5_wc20_labeling.png used on input line 213.
(pdftex.def)             Requested size: 67.7502pt x 56.4585pt.

LaTeX Warning: Citation `ladickyeccv10' on page 9 undefined on input line 218.


LaTeX Warning: Citation `dokaniaiccv15' on page 9 undefined on input line 218.


LaTeX Warning: Citation `ladickyeccv10' on page 9 undefined on input line 218.


LaTeX Warning: Citation `dokaniaiccv15' on page 9 undefined on input line 218.

[9 <../../images/stereo_results/tsukuba_groundtruth.png> <../../images/stereo_r
esults/tsukuba_COOC_M5_wc20.png (PNG copy)> <../../images/stereo_results/tsukub
a_HIER_M5_wc20.png (PNG copy)> <../../images/stereo_results/confFileStereo_tsuk
ubaL6_m1_M5_wc20_labeling.png (PNG copy)> <../../images/stereo_results/confFile
Stereo_tsukubaL6_m3_M5_wc40_labeling.png (PNG copy)> <../../images/stereo_resul
ts/teddy_groundtruth.png (PNG copy)> <../../images/stereo_results/teddy_COOC_M1
_wc20.png (PNG copy)> <../../images/stereo_results/teddy_HIER_M1_wc20.png (PNG 
copy)> <../../images/stereo_results/confFileStereo_teddyL3_m1_M1_wc20_labeling.
png (PNG copy)> <../../images/stereo_results/confFileStereo_teddyL3_m3_M1_wc20_
labeling.png (PNG copy)> <../../images/stereo_results/venus_groundtruth.png (PN
G copy)> <../../images/stereo_results/venus_COOC_M5_wc20.png (PNG copy)> <../..
/images/stereo_results/venus_HIER_M5_wc20.png (PNG copy)> <../../images/stereo_
results/confFileStereo_venusL6_m1_M5_wc20_labeling.png (PNG copy)> <../../image
s/stereo_results/confFileStereo_venusL6_m3_M5_wc20_labeling.png (PNG copy)> <..
/../images/stereo_results/cone_groundtruth.png (PNG copy)> <../../images/stereo
_results/cone_COOC_M5_wc20.png (PNG copy)> <../../images/stereo_results/cone_HI
ER_M5_wc20.png (PNG copy)> <../../images/stereo_results/confFileStereo_coneL6_m
1_M5_wc20_labeling.png (PNG copy)> <../../images/stereo_results/confFileStereo_
coneL6_m3_M5_wc20_labeling.png (PNG copy)>]
LaTeX Font Info:    Try loading font information for OMS+cmr on input line 234.


(/usr/share/texlive/texmf-dist/tex/latex/base/omscmr.fd
File: omscmr.fd 1999/05/25 v2.5h Standard LaTeX font definitions
)
LaTeX Font Info:    Font shape `OMS/cmr/m/n' in size <10> not available
(Font)              Font shape `OMS/cmsy/m/n' tried instead on input line 234.
 [10




] [11]
Package hyperref Info: bookmark level for unknown algorithm defaults to 0 on in
put line 323.


LaTeX Warning: Reference `subsec:graph' on page 12 undefined on input line 367.


[12] [13]

LaTeX Warning: Citation `boykovpami04' on page 14 undefined on input line 439.


LaTeX Font Warning: Command \small invalid in math mode on input line 451.

LaTeX Font Info:    Calculating math sizes for size <> on input line 459.

LaTeX Font Warning: Font shape `OT1/cmr/m/n' in size <> not available
(Font)              size <5> substituted on input line 459.


LaTeX Font Warning: Font shape `OT1/cmr/m/n' in size <0.7> not available
(Font)              size <5> substituted on input line 459.


LaTeX Font Warning: Font shape `OT1/cmr/m/n' in size <0.5> not available
(Font)              size <5> substituted on input line 459.


LaTeX Font Warning: Font shape `OML/cmm/m/it' in size <> not available
(Font)              size <5> substituted on input line 459.


LaTeX Font Warning: Font shape `OML/cmm/m/it' in size <0.7> not available
(Font)              size <5> substituted on input line 459.


LaTeX Font Warning: Font shape `OML/cmm/m/it' in size <0.5> not available
(Font)              size <5> substituted on input line 459.


LaTeX Font Warning: Font shape `OMS/cmsy/m/n' in size <> not available
(Font)              size <5> substituted on input line 459.


LaTeX Font Warning: Font shape `OMS/cmsy/m/n' in size <0.7> not available
(Font)              size <5> substituted on input line 459.


LaTeX Font Warning: Font shape `OMS/cmsy/m/n' in size <0.5> not available
(Font)              size <5> substituted on input line 459.


LaTeX Font Warning: Font shape `OT1/cmr/bx/n' in size <> not available
(Font)              size <5> substituted on input line 459.


LaTeX Font Warning: Font shape `OT1/cmr/bx/n' in size <0.7> not available
(Font)              size <5> substituted on input line 459.


LaTeX Font Warning: Font shape `OT1/cmr/bx/n' in size <0.5> not available
(Font)              size <5> substituted on input line 459.


LaTeX Font Warning: Font shape `OT1/cmr/m/it' in size <> not available
(Font)              size <5> substituted on input line 459.


LaTeX Font Warning: Font shape `OT1/cmr/m/it' in size <0.7> not available
(Font)              size <5> substituted on input line 459.


LaTeX Font Warning: Font shape `OT1/cmr/m/it' in size <0.5> not available
(Font)              size <5> substituted on input line 459.

Package epstopdf Info: Source file: <../../images/theoryFig/unary_alt.eps>
(epstopdf)                    date: 2015-12-24 15:33:39
(epstopdf)                    size: 504816 bytes
(epstopdf)             Output file: <../../images/theoryFig/unary_alt-eps-conve
rted-to.pdf>
(epstopdf)                    date: 2016-01-06 16:41:09
(epstopdf)                    size: 28245 bytes
(epstopdf)             Command: <repstopdf --outfile=../../images/theoryFig/una
ry_alt-eps-converted-to.pdf ../../images/theoryFig/unary_alt.eps>
(epstopdf)             \includegraphics on input line 469.
Package epstopdf Info: Output file is already uptodate.

<../../images/theoryFig/unary_alt-eps-converted-to.pdf, id=205, 659.46375pt x 1
25.46875pt>
File: ../../images/theoryFig/unary_alt-eps-converted-to.pdf Graphic file (type 
pdf)
 <use ../../images/theoryFig/unary_alt-eps-converted-to.pdf>
Package pdftex.def Info: ../../images/theoryFig/unary_alt-eps-converted-to.pdf 
used on input line 469.
(pdftex.def)             Requested size: 250.95476pt x 47.74562pt.


LaTeX Warning: Reference `eq:labeling' on page 14 undefined on input line 479.


LaTeX Warning: Reference `eq:labeling' on page 14 undefined on input line 479.


LaTeX Warning: Reference `fig:unary' on page 14 undefined on input line 485.


LaTeX Warning: Reference `fig:unary' on page 14 undefined on input line 486.

Package epstopdf Info: Source file: <../../images/theoryFig/clique1.eps>
(epstopdf)                    date: 2015-12-24 15:33:39
(epstopdf)                    size: 4541938 bytes
(epstopdf)             Output file: <../../images/theoryFig/clique1-eps-convert
ed-to.pdf>
(epstopdf)                    date: 2016-01-06 16:41:10
(epstopdf)                    size: 115958 bytes
(epstopdf)             Command: <repstopdf --outfile=../../images/theoryFig/cli
que1-eps-converted-to.pdf ../../images/theoryFig/clique1.eps>
(epstopdf)             \includegraphics on input line 490.
Package epstopdf Info: Output file is already uptodate.

<../../images/theoryFig/clique1-eps-converted-to.pdf, id=206, 378.41376pt x 496
.85625pt>
File: ../../images/theoryFig/clique1-eps-converted-to.pdf Graphic file (type pd
f)
 <use ../../images/theoryFig/clique1-eps-converted-to.pdf>
Package pdftex.def Info: ../../images/theoryFig/clique1-eps-converted-to.pdf us
ed on input line 490.
(pdftex.def)             Requested size: 125.47737pt x 164.75153pt.
Package epstopdf Info: Source file: <../../images/theoryFig/clique2.eps>
(epstopdf)                    date: 2015-12-24 15:33:39
(epstopdf)                    size: 1162495 bytes
(epstopdf)             Output file: <../../images/theoryFig/clique2-eps-convert
ed-to.pdf>
(epstopdf)                    date: 2016-01-06 16:41:11
(epstopdf)                    size: 35233 bytes
(epstopdf)             Command: <repstopdf --outfile=../../images/theoryFig/cli
que2-eps-converted-to.pdf ../../images/theoryFig/clique2.eps>
(epstopdf)             \includegraphics on input line 492.
Package epstopdf Info: Output file is already uptodate.

<../../images/theoryFig/clique2-eps-converted-to.pdf, id=207, 384.43625pt x 498
.86375pt>
File: ../../images/theoryFig/clique2-eps-converted-to.pdf Graphic file (type pd
f)
 <use ../../images/theoryFig/clique2-eps-converted-to.pdf>
Package pdftex.def Info: ../../images/theoryFig/clique2-eps-converted-to.pdf us
ed on input line 492.
(pdftex.def)             Requested size: 125.47737pt x 162.82149pt.


LaTeX Warning: Reference `eq:convexCapacity' on page 14 undefined on input line
 500.


LaTeX Warning: Reference `eq:submodCapacity' on page 14 undefined on input line
 500.


LaTeX Warning: Reference `eq:convexCapacity' on page 14 undefined on input line
 500.


LaTeX Warning: Reference `eq:submodCapacity' on page 14 undefined on input line
 500.

[14 <../../images/theoryFig/unary_alt-eps-converted-to.pdf>]

LaTeX Warning: Reference `fig:clique' on page 15 undefined on input line 507.


LaTeX Warning: Reference `fig:clique' on page 15 undefined on input line 507.


LaTeX Font Warning: Command \small invalid in math mode on input line 510.


LaTeX Warning: Reference `fig:clique' on page 15 undefined on input line 519.


LaTeX Font Warning: Command \small invalid in math mode on input line 521.


LaTeX Warning: Reference `fig:clique' on page 15 undefined on input line 537.

[15 <../../images/theoryFig/clique1-eps-converted-to.pdf> <../../images/theoryF
ig/clique2-eps-converted-to.pdf>]

LaTeX Warning: Reference `lemma:cliqueGraphProof' on page 16 undefined on input
 line 548.


LaTeX Warning: Reference `fig:clique' on page 16 undefined on input line 548.


LaTeX Warning: Reference `fig:clique' on page 16 undefined on input line 580.


LaTeX Warning: Reference `fig:clique' on page 16 undefined on input line 589.

[16]

LaTeX Warning: Reference `eq:partition' on page 17 undefined on input line 600.


[17]

LaTeX Warning: Reference `eq:regrouping' on page 18 undefined on input line 621
.


LaTeX Warning: Reference `eq:partition' on page 18 undefined on input line 621.



LaTeX Warning: Reference `fig:clique' on page 18 undefined on input line 643.


LaTeX Warning: Reference `subsec:graph_properties' on page 18 undefined on inpu
t line 645.

[18]

LaTeX Warning: Reference `sec:Bounds' on page 19 undefined on input line 666.


LaTeX Warning: Reference `subsec:graph_properties' on page 19 undefined on inpu
t line 711.


LaTeX Warning: Reference `subsec:graph_properties' on page 19 undefined on inpu
t line 721.

[19]

LaTeX Warning: Reference `lemma:linearIneq' on page 20 undefined on input line 
750.


Underfull \hbox (badness 10000) in paragraph at lines 757--758

 []

[20] [21] [22]

LaTeX Warning: Reference `eq:Aexpr' on page 23 undefined on input line 834.


LaTeX Warning: Reference `eq:Bexpr' on page 23 undefined on input line 834.


LaTeX Warning: Reference `eq:Cexpr' on page 23 undefined on input line 834.


Underfull \hbox (badness 10000) in paragraph at lines 881--883

 []

[23]

LaTeX Warning: Reference `eq:case1bound' on page 24 undefined on input line 917
.


LaTeX Warning: Reference `eq:case2bound' on page 24 undefined on input line 917
.


LaTeX Warning: Reference `eq:case3bound' on page 24 undefined on input line 917
.


LaTeX Warning: Reference `eq:rewriteIneq' on page 24 undefined on input line 91
7.


LaTeX Warning: Reference `lemma:linearIneq' on page 24 undefined on input line 
917.


LaTeX Font Warning: Command \small invalid in math mode on input line 926.

[24]

LaTeX Warning: Reference `lemma:reductionlowerBound' on page 25 undefined on in
put line 942.


LaTeX Warning: Reference `unary_sum' on page 25 undefined on input line 952.


LaTeX Warning: Reference `lemma:linearIneq' on page 25 undefined on input line 
965.


LaTeX Warning: Reference `lemma:linearIneq' on page 25 undefined on input line 
971.


LaTeX Warning: Reference `eq:Loptimumbound' on page 25 undefined on input line 
991.


LaTeX Warning: Reference `lemma:linearIneq' on page 25 undefined on input line 
991.


LaTeX Warning: Reference `eq:upperboundfinalenergy' on page 25 undefined on inp
ut line 991.

[25pdfTeX warning (ext4): destination with the same identifier (name{equation.4
.22}) has been already used, duplicate ignored

\AtBegShi@Output ...ipout \box \AtBeginShipoutBox 
                                                  \fi \fi 
l.992 
      ]

LaTeX Warning: Reference `lemma:reductionlowerBound' on page 26 undefined on in
put line 1009.


LaTeX Warning: Reference `lemma:linearIneq' on page 26 undefined on input line 
1024.

[26]

LaTeX Warning: Reference `lemma:mlinearIneq' on page 27 undefined on input line
 1055.


LaTeX Warning: Reference `eq:mrewriteIneq' on page 27 undefined on input line 1
068.


LaTeX Warning: Reference `eq:rewriteIneq' on page 27 undefined on input line 10
68.


LaTeX Warning: Reference `lemma:linearIneq' on page 27 undefined on input line 
1068.


Underfull \hbox (badness 10000) in paragraph at lines 1070--1071

 []

[27]

LaTeX Warning: Reference `eq:mcase1bound' on page 28 undefined on input line 11
03.


LaTeX Warning: Reference `eq:mcase2bound' on page 28 undefined on input line 11
03.


LaTeX Warning: Reference `eq:mcase3bound' on page 28 undefined on input line 11
03.


LaTeX Warning: Reference `eq:mrewriteIneq' on page 28 undefined on input line 1
103.


LaTeX Warning: Reference `lemma:mlinearIneq' on page 28 undefined on input line
 1103.


LaTeX Font Warning: Command \small invalid in math mode on input line 1112.


Overfull \hbox (1.41579pt too wide) in paragraph at lines 1118--1119
[]\OT1/cmr/m/it/10 The above in-equal-ity holds for ar-bi-trary set of unary po
-ten-tials and non-negative clique weights. 
 []


LaTeX Warning: Reference `prop:mlinearBound' on page 28 undefined on input line
 1121.


LaTeX Warning: Reference `prop:linearBound' on page 28 undefined on input line 
1121.

[28]
No file supplementary.bbl.
Package atveryend Info: Empty hook `BeforeClearDocument' on input line 1130.
Package atveryend Info: Empty hook `AfterLastShipout' on input line 1130.
(./supplementary.aux)
Package atveryend Info: Executing hook `AtVeryEndDocument' on input line 1130.
Package atveryend Info: Empty hook `AtEndAfterFileList' on input line 1130.


LaTeX Font Warning: Size substitutions with differences
(Font)              up to 4.5pt have occurred.


LaTeX Warning: There were undefined references.


LaTeX Warning: There were multiply-defined labels.

Package atveryend Info: Empty hook `AtVeryVeryEnd' on input line 1130.
 ) 
Here is how much of TeX's memory you used:
 7631 strings out of 495028
 121772 string characters out of 6181496
 205258 words of memory out of 5000000
 10482 multiletter control sequences out of 15000+600000
 19269 words of font info for 73 fonts, out of 8000000 for 9000
 14 hyphenation exceptions out of 8191
 34i,17n,32p,1492b,612s stack positions out of 5000i,500n,10000p,200000b,80000s
</usr/share/texlive/texmf-dist/fonts/type1/public/amsfonts/cm/cmbx10.pfb></us
r/share/texlive/texmf-dist/fonts/type1/public/amsfonts/cm/cmbx12.pfb></usr/shar
e/texlive/texmf-dist/fonts/type1/public/amsfonts/cm/cmbx5.pfb></usr/share/texli
ve/texmf-dist/fonts/type1/public/amsfonts/cm/cmbx6.pfb></usr/share/texlive/texm
f-dist/fonts/type1/public/amsfonts/cm/cmbx7.pfb></usr/share/texlive/texmf-dist/
fonts/type1/public/amsfonts/cm/cmbx8.pfb></usr/share/texlive/texmf-dist/fonts/t
ype1/public/amsfonts/cm/cmbx9.pfb></usr/share/texlive/texmf-dist/fonts/type1/pu
blic/amsfonts/cm/cmcsc10.pfb></usr/share/texlive/texmf-dist/fonts/type1/public/
amsfonts/cm/cmex10.pfb></usr/share/texlive/texmf-dist/fonts/type1/public/amsfon
ts/cmextra/cmex9.pfb></usr/share/texlive/texmf-dist/fonts/type1/public/amsfonts
/cm/cmmi10.pfb></usr/share/texlive/texmf-dist/fonts/type1/public/amsfonts/cm/cm
mi12.pfb></usr/share/texlive/texmf-dist/fonts/type1/public/amsfonts/cm/cmmi5.pf
b></usr/share/texlive/texmf-dist/fonts/type1/public/amsfonts/cm/cmmi6.pfb></usr
/share/texlive/texmf-dist/fonts/type1/public/amsfonts/cm/cmmi7.pfb></usr/share/
texlive/texmf-dist/fonts/type1/public/amsfonts/cm/cmmi8.pfb></usr/share/texlive
/texmf-dist/fonts/type1/public/amsfonts/cm/cmmi9.pfb></usr/share/texlive/texmf-
dist/fonts/type1/public/amsfonts/cm/cmr10.pfb></usr/share/texlive/texmf-dist/fo
nts/type1/public/amsfonts/cm/cmr12.pfb></usr/share/texlive/texmf-dist/fonts/typ
e1/public/amsfonts/cm/cmr17.pfb></usr/share/texlive/texmf-dist/fonts/type1/publ
ic/amsfonts/cm/cmr5.pfb></usr/share/texlive/texmf-dist/fonts/type1/public/amsfo
nts/cm/cmr6.pfb></usr/share/texlive/texmf-dist/fonts/type1/public/amsfonts/cm/c
mr7.pfb></usr/share/texlive/texmf-dist/fonts/type1/public/amsfonts/cm/cmr8.pfb>
</usr/share/texlive/texmf-dist/fonts/type1/public/amsfonts/cm/cmr9.pfb></usr/sh
are/texlive/texmf-dist/fonts/type1/public/amsfonts/cm/cmsy10.pfb></usr/share/te
xlive/texmf-dist/fonts/type1/public/amsfonts/cm/cmsy5.pfb></usr/share/texlive/t
exmf-dist/fonts/type1/public/amsfonts/cm/cmsy6.pfb></usr/share/texlive/texmf-di
st/fonts/type1/public/amsfonts/cm/cmsy7.pfb></usr/share/texlive/texmf-dist/font
s/type1/public/amsfonts/cm/cmsy8.pfb></usr/share/texlive/texmf-dist/fonts/type1
/public/amsfonts/cm/cmsy9.pfb></usr/share/texlive/texmf-dist/fonts/type1/public
/amsfonts/cm/cmti10.pfb></usr/share/texlive/texmf-dist/fonts/type1/public/amsfo
nts/cm/cmti7.pfb></usr/share/texlive/texmf-dist/fonts/type1/public/amsfonts/cm/
cmti8.pfb></usr/share/texlive/texmf-dist/fonts/type1/public/amsfonts/symbols/ms
am10.pfb></usr/share/texlive/texmf-dist/fonts/type1/public/amsfonts/symbols/msb
m10.pfb>
Output written on supplementary.pdf (28 pages, 1727627 bytes).
PDF statistics:
 483 PDF objects out of 1000 (max. 8388607)
 347 compressed objects within 4 object streams
 121 named destinations out of 1000 (max. 500000)
 277 words of extra memory for PDF output out of 10000 (max. 10000000)

