This is pdfTeX, Version 3.1415926-2.5-1.40.14 (TeX Live 2013/Debian) (format=pdflatex 2015.12.16)  22 MAR 2016 16:39
entering extended mode
 restricted \write18 enabled.
 %&-line parsing enabled.
**eccv2016submission.tex
(./eccv2016submission.tex
LaTeX2e <2011/06/27>
Babel <3.9h> and hyphenation patterns for 2 languages loaded.
(./llncs.cls
Document Class: llncs 2013/09/27 v2.18 
 LaTeX document class for Lecture Notes in Computer Science
(/usr/share/texlive/texmf-dist/tex/latex/base/article.cls
Document Class: article 2007/10/19 v1.4h Standard LaTeX document class
(/usr/share/texlive/texmf-dist/tex/latex/base/size10.clo
File: size10.clo 2007/10/19 v1.4h Standard LaTeX file (size option)
)
\c@part=\count79
\c@section=\count80
\c@subsection=\count81
\c@subsubsection=\count82
\c@paragraph=\count83
\c@subparagraph=\count84
\c@figure=\count85
\c@table=\count86
\abovecaptionskip=\skip41
\belowcaptionskip=\skip42
\bibindent=\dimen102
)
(/usr/share/texlive/texmf-dist/tex/latex/tools/multicol.sty
Package: multicol 2011/06/27 v1.7a multicolumn formatting (FMi)
\c@tracingmulticols=\count87
\mult@box=\box26
\multicol@leftmargin=\dimen103
\c@unbalance=\count88
\c@collectmore=\count89
\doublecol@number=\count90
\multicoltolerance=\count91
\multicolpretolerance=\count92
\full@width=\dimen104
\page@free=\dimen105
\premulticols=\dimen106
\postmulticols=\dimen107
\multicolsep=\skip43
\multicolbaselineskip=\skip44
\partial@page=\box27
\last@line=\box28
\mult@rightbox=\box29
\mult@grightbox=\box30
\mult@gfirstbox=\box31
\mult@firstbox=\box32
\@tempa=\box33
\@tempa=\box34
\@tempa=\box35
\@tempa=\box36
\@tempa=\box37
\@tempa=\box38
\@tempa=\box39
\@tempa=\box40
\@tempa=\box41
\@tempa=\box42
\@tempa=\box43
\@tempa=\box44
\@tempa=\box45
\@tempa=\box46
\@tempa=\box47
\@tempa=\box48
\@tempa=\box49
\c@columnbadness=\count93
\c@finalcolumnbadness=\count94
\last@try=\dimen108
\multicolovershoot=\dimen109
\multicolundershoot=\dimen110
\mult@nat@firstbox=\box50
\colbreak@box=\box51
\multicol@sort@counter=\count95
)
(/usr/share/texlive/texmf-dist/tex/latex/oberdiek/aliascnt.sty
Package: aliascnt 2009/09/08 v1.3 Alias counters (HO)

(/usr/share/texlive/texmf-dist/tex/latex/carlisle/remreset.sty))
\c@chapter=\count96
LaTeX Font Info:    Redeclaring math symbol \Gamma on input line 362.
LaTeX Font Info:    Redeclaring math symbol \Delta on input line 363.
LaTeX Font Info:    Redeclaring math symbol \Theta on input line 364.
LaTeX Font Info:    Redeclaring math symbol \Lambda on input line 365.
LaTeX Font Info:    Redeclaring math symbol \Xi on input line 366.
LaTeX Font Info:    Redeclaring math symbol \Pi on input line 367.
LaTeX Font Info:    Redeclaring math symbol \Sigma on input line 368.
LaTeX Font Info:    Redeclaring math symbol \Upsilon on input line 369.
LaTeX Font Info:    Redeclaring math symbol \Phi on input line 370.
LaTeX Font Info:    Redeclaring math symbol \Psi on input line 371.
LaTeX Font Info:    Redeclaring math symbol \Omega on input line 372.
\tocchpnum=\dimen111
\tocsecnum=\dimen112
\tocsectotal=\dimen113
\tocsubsecnum=\dimen114
\tocsubsectotal=\dimen115
\tocsubsubsecnum=\dimen116
\tocsubsubsectotal=\dimen117
\tocparanum=\dimen118
\tocparatotal=\dimen119
\tocsubparanum=\dimen120
\@tempcntc=\count97
\fnindent=\dimen121
\c@@inst=\count98
\c@@auth=\count99
\c@auco=\count100
\instindent=\dimen122
\authrun=\box52
\authorrunning=\toks14
\tocauthor=\toks15
\titrun=\box53
\titlerunning=\toks16
\toctitle=\toks17
\c@theorem=\count101
\c@case=\count102
\c@conjecture=\count103
\c@corollary=\count104
\c@definition=\count105
\c@example=\count106
\c@exercise=\count107
\c@lemma=\count108
\c@note=\count109
\c@problem=\count110
\c@property=\count111
\c@proposition=\count112
\c@question=\count113
\c@solution=\count114
\c@remark=\count115
\headlineindent=\dimen123
)
(/usr/share/texlive/texmf-dist/tex/latex/graphics/epsfig.sty
Package: epsfig 1999/02/16 v1.7a (e)psfig emulation (SPQR)

(/usr/share/texlive/texmf-dist/tex/latex/graphics/graphicx.sty
Package: graphicx 1999/02/16 v1.0f Enhanced LaTeX Graphics (DPC,SPQR)

(/usr/share/texlive/texmf-dist/tex/latex/graphics/keyval.sty
Package: keyval 1999/03/16 v1.13 key=value parser (DPC)
\KV@toks@=\toks18
)
(/usr/share/texlive/texmf-dist/tex/latex/graphics/graphics.sty
Package: graphics 2009/02/05 v1.0o Standard LaTeX Graphics (DPC,SPQR)

(/usr/share/texlive/texmf-dist/tex/latex/graphics/trig.sty
Package: trig 1999/03/16 v1.09 sin cos tan (DPC)
)
(/usr/share/texlive/texmf-dist/tex/latex/latexconfig/graphics.cfg
File: graphics.cfg 2010/04/23 v1.9 graphics configuration of TeX Live
)
Package graphics Info: Driver file: pdftex.def on input line 91.

(/usr/share/texlive/texmf-dist/tex/latex/pdftex-def/pdftex.def
File: pdftex.def 2011/05/27 v0.06d Graphics/color for pdfTeX

(/usr/share/texlive/texmf-dist/tex/generic/oberdiek/infwarerr.sty
Package: infwarerr 2010/04/08 v1.3 Providing info/warning/error messages (HO)
)
(/usr/share/texlive/texmf-dist/tex/generic/oberdiek/ltxcmds.sty
Package: ltxcmds 2011/11/09 v1.22 LaTeX kernel commands for general use (HO)
)
\Gread@gobject=\count116
))
\Gin@req@height=\dimen124
\Gin@req@width=\dimen125
)
\epsfxsize=\dimen126
\epsfysize=\dimen127
)
(/usr/share/texlive/texmf-dist/tex/latex/amsmath/amsmath.sty
Package: amsmath 2013/01/14 v2.14 AMS math features
\@mathmargin=\skip45

For additional information on amsmath, use the `?' option.
(/usr/share/texlive/texmf-dist/tex/latex/amsmath/amstext.sty
Package: amstext 2000/06/29 v2.01

(/usr/share/texlive/texmf-dist/tex/latex/amsmath/amsgen.sty
File: amsgen.sty 1999/11/30 v2.0
\@emptytoks=\toks19
\ex@=\dimen128
))
(/usr/share/texlive/texmf-dist/tex/latex/amsmath/amsbsy.sty
Package: amsbsy 1999/11/29 v1.2d
\pmbraise@=\dimen129
)
(/usr/share/texlive/texmf-dist/tex/latex/amsmath/amsopn.sty
Package: amsopn 1999/12/14 v2.01 operator names
)
\inf@bad=\count117
LaTeX Info: Redefining \frac on input line 210.
\uproot@=\count118
\leftroot@=\count119
LaTeX Info: Redefining \overline on input line 306.
\classnum@=\count120
\DOTSCASE@=\count121
LaTeX Info: Redefining \ldots on input line 378.
LaTeX Info: Redefining \dots on input line 381.
LaTeX Info: Redefining \cdots on input line 466.
\Mathstrutbox@=\box54
\strutbox@=\box55
\big@size=\dimen130
LaTeX Font Info:    Redeclaring font encoding OML on input line 566.
LaTeX Font Info:    Redeclaring font encoding OMS on input line 567.


Package amsmath Warning: Unable to redefine math accent \vec.

\macc@depth=\count122
\c@MaxMatrixCols=\count123
\dotsspace@=\muskip10
\c@parentequation=\count124
\dspbrk@lvl=\count125
\tag@help=\toks20
\row@=\count126
\column@=\count127
\maxfields@=\count128
\andhelp@=\toks21
\eqnshift@=\dimen131
\alignsep@=\dimen132
\tagshift@=\dimen133
\tagwidth@=\dimen134
\totwidth@=\dimen135
\lineht@=\dimen136
\@envbody=\toks22
\multlinegap=\skip46
\multlinetaggap=\skip47
\mathdisplay@stack=\toks23
LaTeX Info: Redefining \[ on input line 2665.
LaTeX Info: Redefining \] on input line 2666.
) (/usr/share/texlive/texmf-dist/tex/latex/amsfonts/amssymb.sty
Package: amssymb 2013/01/14 v3.01 AMS font symbols

(/usr/share/texlive/texmf-dist/tex/latex/amsfonts/amsfonts.sty
Package: amsfonts 2013/01/14 v3.01 Basic AMSFonts support
\symAMSa=\mathgroup4
\symAMSb=\mathgroup5
LaTeX Font Info:    Overwriting math alphabet `\mathfrak' in version `bold'
(Font)                  U/euf/m/n --> U/euf/b/n on input line 106.
)) (./ruler.sty
Package: ruler 

(/usr/share/texlive/texmf-dist/tex/latex/eso-pic/eso-pic.sty
Package: eso-pic 2013/10/06 v2.0d eso-pic (RN)

(/usr/share/texlive/texmf-dist/tex/generic/oberdiek/atbegshi.sty
Package: atbegshi 2011/10/05 v1.16 At begin shipout hook (HO)

(/usr/share/texlive/texmf-dist/tex/generic/oberdiek/ifpdf.sty
Package: ifpdf 2011/01/30 v2.3 Provides the ifpdf switch (HO)
Package ifpdf Info: pdfTeX in PDF mode is detected.
))
(/usr/share/texmf/tex/latex/xcolor/xcolor.sty
Package: xcolor 2007/01/21 v2.11 LaTeX color extensions (UK)

(/usr/share/texlive/texmf-dist/tex/latex/latexconfig/color.cfg
File: color.cfg 2007/01/18 v1.5 color configuration of teTeX/TeXLive
)
Package xcolor Info: Driver file: pdftex.def on input line 225.
Package xcolor Info: Model `cmy' substituted by `cmy0' on input line 1337.
Package xcolor Info: Model `hsb' substituted by `rgb' on input line 1341.
Package xcolor Info: Model `RGB' extended on input line 1353.
Package xcolor Info: Model `HTML' substituted by `rgb' on input line 1355.
Package xcolor Info: Model `Hsb' substituted by `hsb' on input line 1356.
Package xcolor Info: Model `tHsb' substituted by `hsb' on input line 1357.
Package xcolor Info: Model `HSB' substituted by `hsb' on input line 1358.
Package xcolor Info: Model `Gray' substituted by `gray' on input line 1359.
Package xcolor Info: Model `wave' substituted by `hsb' on input line 1360.
))
\cvprrulerbox=\box56
\cvprrulercount=\count129
\cvprrulercounttmp=\count130
\cvprruleroffset=\dimen137
\cv@lineheight=\dimen138
\cv@boxheight=\dimen139
\cv@tmpbox=\box57
\cv@refno=\count131
\cv@tot=\count132
\cv@tmpc@=\count133
\cv@tmpc=\count134
)
(/usr/share/texlive/texmf-dist/tex/latex/cmap/cmap.sty
Package: cmap 2008/03/06 v1.0h CMap support: searchable PDF
)
(/usr/share/texlive/texmf-dist/tex/latex/hyperref/hyperref.sty
Package: hyperref 2012/11/06 v6.83m Hypertext links for LaTeX

(/usr/share/texlive/texmf-dist/tex/generic/oberdiek/hobsub-hyperref.sty
Package: hobsub-hyperref 2012/05/28 v1.13 Bundle oberdiek, subset hyperref (HO)


(/usr/share/texlive/texmf-dist/tex/generic/oberdiek/hobsub-generic.sty
Package: hobsub-generic 2012/05/28 v1.13 Bundle oberdiek, subset generic (HO)
Package: hobsub 2012/05/28 v1.13 Construct package bundles (HO)
Package hobsub Info: Skipping package `infwarerr' (already loaded).
Package hobsub Info: Skipping package `ltxcmds' (already loaded).
Package: ifluatex 2010/03/01 v1.3 Provides the ifluatex switch (HO)
Package ifluatex Info: LuaTeX not detected.
Package: ifvtex 2010/03/01 v1.5 Detect VTeX and its facilities (HO)
Package ifvtex Info: VTeX not detected.
Package: intcalc 2007/09/27 v1.1 Expandable calculations with integers (HO)
Package hobsub Info: Skipping package `ifpdf' (already loaded).
Package: etexcmds 2011/02/16 v1.5 Avoid name clashes with e-TeX commands (HO)
Package etexcmds Info: Could not find \expanded.
(etexcmds)             That can mean that you are not using pdfTeX 1.50 or
(etexcmds)             that some package has redefined \expanded.
(etexcmds)             In the latter case, load this package earlier.
Package: kvsetkeys 2012/04/25 v1.16 Key value parser (HO)
Package: kvdefinekeys 2011/04/07 v1.3 Define keys (HO)
Package: pdftexcmds 2011/11/29 v0.20 Utility functions of pdfTeX for LuaTeX (HO
)
Package pdftexcmds Info: LuaTeX not detected.
Package pdftexcmds Info: \pdf@primitive is available.
Package pdftexcmds Info: \pdf@ifprimitive is available.
Package pdftexcmds Info: \pdfdraftmode found.
Package: pdfescape 2011/11/25 v1.13 Implements pdfTeX's escape features (HO)
Package: bigintcalc 2012/04/08 v1.3 Expandable calculations on big integers (HO
)
Package: bitset 2011/01/30 v1.1 Handle bit-vector datatype (HO)
Package: uniquecounter 2011/01/30 v1.2 Provide unlimited unique counter (HO)
)
Package hobsub Info: Skipping package `hobsub' (already loaded).
Package: letltxmacro 2010/09/02 v1.4 Let assignment for LaTeX macros (HO)
Package: hopatch 2012/05/28 v1.2 Wrapper for package hooks (HO)
Package: xcolor-patch 2011/01/30 xcolor patch
Package: atveryend 2011/06/30 v1.8 Hooks at the very end of document (HO)
Package atveryend Info: \enddocument detected (standard20110627).
Package hobsub Info: Skipping package `atbegshi' (already loaded).
Package: refcount 2011/10/16 v3.4 Data extraction from label references (HO)
Package: hycolor 2011/01/30 v1.7 Color options for hyperref/bookmark (HO)
)
(/usr/share/texlive/texmf-dist/tex/generic/ifxetex/ifxetex.sty
Package: ifxetex 2010/09/12 v0.6 Provides ifxetex conditional
)
(/usr/share/texlive/texmf-dist/tex/latex/oberdiek/auxhook.sty
Package: auxhook 2011/03/04 v1.3 Hooks for auxiliary files (HO)
)
(/usr/share/texlive/texmf-dist/tex/latex/oberdiek/kvoptions.sty
Package: kvoptions 2011/06/30 v3.11 Key value format for package options (HO)
)
\@linkdim=\dimen140
\Hy@linkcounter=\count135
\Hy@pagecounter=\count136

(/usr/share/texlive/texmf-dist/tex/latex/hyperref/pd1enc.def
File: pd1enc.def 2012/11/06 v6.83m Hyperref: PDFDocEncoding definition (HO)
)
\Hy@SavedSpaceFactor=\count137

(/usr/share/texlive/texmf-dist/tex/latex/latexconfig/hyperref.cfg
File: hyperref.cfg 2002/06/06 v1.2 hyperref configuration of TeXLive
)
Package hyperref Info: Option `breaklinks' set `true' on input line 4319.


Package hyperref Warning: Option `letterpaper' is no longer used.

Package hyperref Info: Option `colorlinks' set `true' on input line 4319.
Package hyperref Info: Option `bookmarks' set `false' on input line 4319.
Package hyperref Info: Hyper figures OFF on input line 4443.
Package hyperref Info: Link nesting OFF on input line 4448.
Package hyperref Info: Hyper index ON on input line 4451.
Package hyperref Info: Plain pages OFF on input line 4458.
Package hyperref Info: Backreferencing ON on input line 4461.
Package hyperref Info: Implicit mode ON; LaTeX internals redefined.
Package hyperref Info: Bookmarks OFF on input line 4694.
(/usr/share/texlive/texmf-dist/tex/latex/hyperref/backref.sty
Package: backref 2012/07/25 v1.38 Bibliographical back referencing

(/usr/share/texlive/texmf-dist/tex/latex/oberdiek/rerunfilecheck.sty
Package: rerunfilecheck 2011/04/15 v1.7 Rerun checks for auxiliary files (HO)
Package uniquecounter Info: New unique counter `rerunfilecheck' on input line 2
82.
))
\c@Hy@tempcnt=\count138

(/usr/share/texlive/texmf-dist/tex/latex/url/url.sty
\Urlmuskip=\muskip11
Package: url 2013/09/16  ver 3.4  Verb mode for urls, etc.
)
LaTeX Info: Redefining \url on input line 5041.
\XeTeXLinkMargin=\dimen141
\Fld@menulength=\count139
\Field@Width=\dimen142
\Fld@charsize=\dimen143
Package hyperref Info: Hyper figures OFF on input line 6295.
Package hyperref Info: Link nesting OFF on input line 6300.
Package hyperref Info: Hyper index ON on input line 6303.
Package hyperref Info: backreferencing ON on input line 6308.
Package hyperref Info: Link coloring ON on input line 6313.
Package hyperref Info: Link coloring with OCG OFF on input line 6320.
Package hyperref Info: PDF/A mode OFF on input line 6325.
LaTeX Info: Redefining \ref on input line 6365.
LaTeX Info: Redefining \pageref on input line 6369.
\Hy@abspage=\count140
\c@Item=\count141
\c@Hfootnote=\count142
)

Package hyperref Message: Driver (autodetected): hpdftex.

(/usr/share/texlive/texmf-dist/tex/latex/hyperref/hpdftex.def
File: hpdftex.def 2012/11/06 v6.83m Hyperref driver for pdfTeX
\Fld@listcount=\count143
\c@bookmark@seq@number=\count144
\Hy@SectionHShift=\skip48
)
(/usr/share/texlive/texmf-dist/tex/latex/geometry/geometry.sty
Package: geometry 2010/09/12 v5.6 Page Geometry
\Gm@cnth=\count145
\Gm@cntv=\count146
\c@Gm@tempcnt=\count147
\Gm@bindingoffset=\dimen144
\Gm@wd@mp=\dimen145
\Gm@odd@mp=\dimen146
\Gm@even@mp=\dimen147
\Gm@layoutwidth=\dimen148
\Gm@layoutheight=\dimen149
\Gm@layouthoffset=\dimen150
\Gm@layoutvoffset=\dimen151
\Gm@dimlist=\toks24
)
(/usr/share/texlive/texmf-dist/tex/latex/wrapfig/wrapfig.sty
\wrapoverhang=\dimen152
\WF@size=\dimen153
\c@WF@wrappedlines=\count148
\WF@box=\box58
\WF@everypar=\toks25
Package: wrapfig 2003/01/31  v 3.6
)
(/usr/share/texlive/texmf-dist/tex/latex/sidecap/sidecap.sty
Package: sidecap 2003/06/06 v1.6f SideCap Package (RN/HjG)

(/usr/share/texlive/texmf-dist/tex/latex/base/ifthen.sty
Package: ifthen 2001/05/26 v1.1c Standard LaTeX ifthen package (DPC)
)
\SC@BOXWD=\dimen154
\SC@CAPWD=\dimen155
\SC@tempdima=\dimen156
\SC@tempdimb=\dimen157
\c@SC@C=\count149
\SC@BOX=\box59
)
(/usr/share/texlive/texmf-dist/tex/latex/floatrow/floatrow.sty
Package: floatrow 2008/08/02 v0.3b floatrow: float package extension

(/usr/share/texlive/texmf-dist/tex/latex/caption/caption3.sty
Package: caption3 2013/05/02 v1.6-88 caption3 kernel (AR)
Package caption3 Info: TeX engine: e-TeX on input line 57.
\captionmargin=\dimen158
\captionmargin@=\dimen159
\captionwidth=\dimen160
\caption@tempdima=\dimen161
\caption@indent=\dimen162
\caption@parindent=\dimen163
\caption@hangindent=\dimen164
Package caption Info: Unknown document class (or package),
(caption)             standard defaults will be used.
)
\c@float@type=\count150
\float@exts=\toks26
\float@box=\box60
\@floatcapt=\box61
Package floatrow Info: Modified float package code loaded on input line 455.
Package floatrow Info: Modified rotfloat package code loaded on input line 473.

\FR@everyfloat=\toks27
\flrow@foot=\insert233
\FB@wd=\dimen165
\FBo@wd=\dimen166
\FBc@wd=\dimen167
\FBo@ht=\skip49
\FBc@ht=\skip50
\FBf@ht=\skip51
\FBo@max=\skip52
\FBc@max=\skip53
\FBf@max=\skip54
\c@FBl@b=\count151
\floatbox@depth=\count152
\c@FRobj=\count153
\c@FRsobj=\count154
\Xhsize=\skip55
\sXhsize=\skip56
\Zhsize=\skip57
\sZhsize=\skip58
\flrow@rowbox=\box62
\FR@Zunitlength=\dimen168
\c@FBcnt=\count155
\FPOScnt=\count156
\LTleft=\skip59
\LTright=\skip60
\LTleft=\skip61
\LTright=\skip62
\flrow@types=\toks28
)
(./algorithm.sty
Package: algorithm 

Document Style `algorithm' - floating environment
\c@algorithm=\count157
) (./algorithmic.sty
Package: algorithmic 

Document Style `algorithmic' - environment
(/usr/share/texlive/texmf-dist/tex/latex/tools/calc.sty
Package: calc 2007/08/22 v4.3 Infix arithmetic (KKT,FJ)
\calc@Acount=\count158
\calc@Bcount=\count159
\calc@Adimen=\dimen169
\calc@Bdimen=\dimen170
\calc@Askip=\skip63
\calc@Bskip=\skip64
LaTeX Info: Redefining \setlength on input line 76.
LaTeX Info: Redefining \addtolength on input line 77.
\calc@Ccount=\count160
\calc@Cskip=\skip65
)
\c@ALC@line=\count161
\c@ALC@rem=\count162
\ALC@tlm=\skip66
)
(./eccv2016submission.aux

LaTeX Warning: Label `eq:rangeMove' multiply defined.

)
\openout1 = `eccv2016submission.aux'.

LaTeX Font Info:    Checking defaults for OML/cmm/m/it on input line 33.
LaTeX Font Info:    ... okay on input line 33.
LaTeX Font Info:    Checking defaults for T1/cmr/m/n on input line 33.
LaTeX Font Info:    ... okay on input line 33.
LaTeX Font Info:    Checking defaults for OT1/cmr/m/n on input line 33.
LaTeX Font Info:    ... okay on input line 33.
LaTeX Font Info:    Checking defaults for OMS/cmsy/m/n on input line 33.
LaTeX Font Info:    ... okay on input line 33.
LaTeX Font Info:    Checking defaults for OMX/cmex/m/n on input line 33.
LaTeX Font Info:    ... okay on input line 33.
LaTeX Font Info:    Checking defaults for U/cmr/m/n on input line 33.
LaTeX Font Info:    ... okay on input line 33.
LaTeX Font Info:    Checking defaults for PD1/pdf/m/n on input line 33.
LaTeX Font Info:    ... okay on input line 33.
 (/usr/share/texlive/texmf-dist/tex/context/base/supp-pdf.mkii
[Loading MPS to PDF converter (version 2006.09.02).]
\scratchcounter=\count163
\scratchdimen=\dimen171
\scratchbox=\box63
\nofMPsegments=\count164
\nofMParguments=\count165
\everyMPshowfont=\toks29
\MPscratchCnt=\count166
\MPscratchDim=\dimen172
\MPnumerator=\count167
\makeMPintoPDFobject=\count168
\everyMPtoPDFconversion=\toks30
) (/usr/share/texlive/texmf-dist/tex/latex/oberdiek/epstopdf-base.sty
Package: epstopdf-base 2010/02/09 v2.5 Base part for package epstopdf

(/usr/share/texlive/texmf-dist/tex/latex/oberdiek/grfext.sty
Package: grfext 2010/08/19 v1.1 Manage graphics extensions (HO)
)
Package grfext Info: Graphics extension search list:
(grfext)             [.png,.pdf,.jpg,.mps,.jpeg,.jbig2,.jb2,.PNG,.PDF,.JPG,.JPE
G,.JBIG2,.JB2,.eps]
(grfext)             \AppendGraphicsExtensions on input line 452.

(/usr/share/texlive/texmf-dist/tex/latex/latexconfig/epstopdf-sys.cfg
File: epstopdf-sys.cfg 2010/07/13 v1.3 Configuration of (r)epstopdf for TeX Liv
e
))
\AtBeginShipoutBox=\box64
Package hyperref Info: Link coloring ON on input line 33.

(/usr/share/texlive/texmf-dist/tex/latex/hyperref/nameref.sty
Package: nameref 2012/10/27 v2.43 Cross-referencing by name of section

(/usr/share/texlive/texmf-dist/tex/generic/oberdiek/gettitlestring.sty
Package: gettitlestring 2010/12/03 v1.4 Cleanup title references (HO)
)
\c@section@level=\count169
)
LaTeX Info: Redefining \ref on input line 33.
LaTeX Info: Redefining \pageref on input line 33.
LaTeX Info: Redefining \nameref on input line 33.

*geometry* driver: auto-detecting
*geometry* detected driver: pdftex
*geometry* verbose mode - [ preamble ] result:
* driver: pdftex
* paper: custom
* layout: <same size as paper>
* layoutoffset:(h,v)=(0.0pt,0.0pt)
* modes: twoside 
* h-part:(L,W,R)=(34.1433pt, 347.12361pt, 34.14333pt)
* v-part:(T,H,B)=(34.1433pt, 549.13818pt, 34.14331pt)
* \paperwidth=415.41023pt
* \paperheight=617.42479pt
* \textwidth=347.12361pt
* \textheight=549.13818pt
* \oddsidemargin=-38.1267pt
* \evensidemargin=-38.12666pt
* \topmargin=-66.1267pt
* \headheight=12.0pt
* \headsep=16.0pt
* \topskip=10.0pt
* \footskip=30.0pt
* \marginparwidth=90.0pt
* \marginparsep=11.0pt
* \columnsep=10.0pt
* \skip\footins=9.0pt plus 4.0pt minus 2.0pt
* \hoffset=0.0pt
* \voffset=0.0pt
* \mag=1000
* \@twocolumnfalse
* \@twosidetrue
* \@mparswitchtrue
* \@reversemarginfalse
* (1in=72.27pt=25.4mm, 1cm=28.453pt)

(/usr/share/texlive/texmf-dist/tex/latex/ms/ragged2e.sty
Package: ragged2e 2009/05/21 v2.1 ragged2e Package (MS)

(/usr/share/texlive/texmf-dist/tex/latex/ms/everysel.sty
Package: everysel 2011/10/28 v1.2 EverySelectfont Package (MS)

ABD: EverySelectfont initializing macros
LaTeX Info: Redefining \selectfont on input line 126.
)
\CenteringLeftskip=\skip67
\RaggedLeftLeftskip=\skip68
\RaggedRightLeftskip=\skip69
\CenteringRightskip=\skip70
\RaggedLeftRightskip=\skip71
\RaggedRightRightskip=\skip72
\CenteringParfillskip=\skip73
\RaggedLeftParfillskip=\skip74
\RaggedRightParfillskip=\skip75
\JustifyingParfillskip=\skip76
\CenteringParindent=\skip77
\RaggedLeftParindent=\skip78
\RaggedRightParindent=\skip79
\JustifyingParindent=\skip80
)
Package caption Info: Begin \AtBeginDocument code.
Package caption Info: End \AtBeginDocument code.
<<ot1.cmap>><<oml.cmap>><<oms.cmap>><<omx.cmap>>
LaTeX Font Info:    Try loading font information for U+msa on input line 51.
 (/usr/share/texlive/texmf-dist/tex/latex/amsfonts/umsa.fd
File: umsa.fd 2013/01/14 v3.01 AMS symbols A
)
LaTeX Font Info:    Try loading font information for U+msb on input line 51.

(/usr/share/texlive/texmf-dist/tex/latex/amsfonts/umsb.fd
File: umsb.fd 2013/01/14 v3.01 AMS symbols B
)
Overfull \hbox (6.00194pt too wide) in paragraph at lines 68--69
\OT1/cmr/bx/n/9 Keywords:\OT1/cmr/m/n/9 inference; high-order markov ran-dom fi
elds; graph cuts; range
 []

<../images/theoryFig/tcm.png, id=8, 746.79pt x 177.66376pt>
File: ../images/theoryFig/tcm.png Graphic file (type png)

<use ../images/theoryFig/tcm.png>
Package pdftex.def Info: ../images/theoryFig/tcm.png used on input line 84.
(pdftex.def)             Requested size: 298.7107pt x 71.06424pt.

<../images/theoryFig/tmcm.png, id=10, 745.78625pt x 182.6825pt>
File: ../images/theoryFig/tmcm.png Graphic file (type png)

<use ../images/theoryFig/tmcm.png>
Package pdftex.def Info: ../images/theoryFig/tmcm.png used on input line 86.
(pdftex.def)             Requested size: 298.30922pt x 73.07169pt.
 [1{/var/lib/texmf/fonts/map/pdftex/updmap/pdftex.map}


]
Underfull \vbox (badness 5802) has occurred while \output is active []

 [2 <../images/theoryFig/tcm.png> <../images/theoryFig/tmcm.png>] [3] [4]

LaTeX Font Warning: Command \small invalid in math mode on input line 216.

LaTeX Font Info:    Calculating math sizes for size <> on input line 217.

LaTeX Font Warning: Font shape `OT1/cmr/m/n' in size <> not available
(Font)              size <5> substituted on input line 217.


LaTeX Font Warning: Font shape `OT1/cmr/m/n' in size <0.7> not available
(Font)              size <5> substituted on input line 217.


LaTeX Font Warning: Font shape `OT1/cmr/m/n' in size <0.5> not available
(Font)              size <5> substituted on input line 217.


LaTeX Font Warning: Font shape `OML/cmm/m/it' in size <> not available
(Font)              size <5> substituted on input line 217.


LaTeX Font Warning: Font shape `OML/cmm/m/it' in size <0.7> not available
(Font)              size <5> substituted on input line 217.


LaTeX Font Warning: Font shape `OML/cmm/m/it' in size <0.5> not available
(Font)              size <5> substituted on input line 217.


LaTeX Font Warning: Font shape `OMS/cmsy/m/n' in size <> not available
(Font)              size <5> substituted on input line 217.


LaTeX Font Warning: Font shape `OMS/cmsy/m/n' in size <0.7> not available
(Font)              size <5> substituted on input line 217.


LaTeX Font Warning: Font shape `OMS/cmsy/m/n' in size <0.5> not available
(Font)              size <5> substituted on input line 217.


LaTeX Font Warning: Font shape `OT1/cmr/bx/n' in size <> not available
(Font)              size <5> substituted on input line 217.


LaTeX Font Warning: Font shape `OT1/cmr/bx/n' in size <0.7> not available
(Font)              size <5> substituted on input line 217.


LaTeX Font Warning: Font shape `OT1/cmr/bx/n' in size <0.5> not available
(Font)              size <5> substituted on input line 217.

[5]

LaTeX Font Warning: Command \small invalid in math mode on input line 246.

LaTeX Font Info:    Try loading font information for OMS+cmr on input line 260.

(/usr/share/texlive/texmf-dist/tex/latex/base/omscmr.fd
File: omscmr.fd 1999/05/25 v2.5h Standard LaTeX font definitions
)
LaTeX Font Info:    Font shape `OMS/cmr/m/n' in size <10> not available
(Font)              Font shape `OMS/cmsy/m/n' tried instead on input line 260.
LaTeX Font Info:    Font shape `OMS/cmr/m/n' in size <9> not available
(Font)              Font shape `OMS/cmsy/m/n' tried instead on input line 307.


LaTeX Font Warning: Command \small invalid in math mode on input line 325.

[6]
Package hyperref Info: bookmark level for unknown algorithm defaults to 0 on in
put line 367.
 [7]

LaTeX Font Warning: Command \small invalid in math mode on input line 407.

Package epstopdf Info: Source file: <./../images/theoryFig/unary_alt.eps>
(epstopdf)                    date: 2015-12-24 15:33:39
(epstopdf)                    size: 504816 bytes
(epstopdf)             Output file: <./../images/theoryFig/unary_alt-eps-conver
ted-to.pdf>
(epstopdf)                    date: 2016-01-06 16:41:09
(epstopdf)                    size: 28245 bytes
(epstopdf)             Command: <repstopdf --outfile=./../images/theoryFig/unar
y_alt-eps-converted-to.pdf ./../images/theoryFig/unary_alt.eps>
(epstopdf)             \includegraphics on input line 425.
Package epstopdf Info: Output file is already uptodate.

<./../images/theoryFig/unary_alt-eps-converted-to.pdf, id=218, 659.46375pt x 12
5.46875pt>
File: ./../images/theoryFig/unary_alt-eps-converted-to.pdf Graphic file (type p
df)
 <use ./../images/theoryFig/unary_alt-eps-converted-to.pdf>
Package pdftex.def Info: ./../images/theoryFig/unary_alt-eps-converted-to.pdf u
sed on input line 425.
(pdftex.def)             Requested size: 208.27628pt x 39.62624pt.
Package epstopdf Info: Source file: <./../images/theoryFig/clique1.eps>
(epstopdf)                    date: 2015-12-24 15:33:39
(epstopdf)                    size: 4541938 bytes
(epstopdf)             Output file: <./../images/theoryFig/clique1-eps-converte
d-to.pdf>
(epstopdf)                    date: 2016-01-06 16:41:10
(epstopdf)                    size: 115958 bytes
(epstopdf)             Command: <repstopdf --outfile=./../images/theoryFig/cliq
ue1-eps-converted-to.pdf ./../images/theoryFig/clique1.eps>
(epstopdf)             \includegraphics on input line 446.
Package epstopdf Info: Output file is already uptodate.

<./../images/theoryFig/clique1-eps-converted-to.pdf, id=223, 378.41376pt x 496.
85625pt>
File: ./../images/theoryFig/clique1-eps-converted-to.pdf Graphic file (type pdf
)
 <use ./../images/theoryFig/clique1-eps-converted-to.pdf>
Package pdftex.def Info: ./../images/theoryFig/clique1-eps-converted-to.pdf use
d on input line 446.
(pdftex.def)             Requested size: 104.13814pt x 136.73065pt.
Package epstopdf Info: Source file: <./../images/theoryFig/clique2.eps>
(epstopdf)                    date: 2015-12-24 15:33:39
(epstopdf)                    size: 1162495 bytes
(epstopdf)             Output file: <./../images/theoryFig/clique2-eps-converte
d-to.pdf>
(epstopdf)                    date: 2016-01-06 16:41:11
(epstopdf)                    size: 35233 bytes
(epstopdf)             Command: <repstopdf --outfile=./../images/theoryFig/cliq
ue2-eps-converted-to.pdf ./../images/theoryFig/clique2.eps>
(epstopdf)             \includegraphics on input line 448.
Package epstopdf Info: Output file is already uptodate.

<./../images/theoryFig/clique2-eps-converted-to.pdf, id=224, 384.43625pt x 498.
86375pt>
File: ./../images/theoryFig/clique2-eps-converted-to.pdf Graphic file (type pdf
)
 <use ./../images/theoryFig/clique2-eps-converted-to.pdf>
Package pdftex.def Info: ./../images/theoryFig/clique2-eps-converted-to.pdf use
d on input line 448.
(pdftex.def)             Requested size: 104.13814pt x 135.1365pt.

Underfull \hbox (badness 1389) in paragraph at lines 456--456
[]\OT1/cmr/bx/n/9 Fig.3. []\OT1/cmr/m/it/9 Arcs used to rep-re-sent the high-or
der po-ten-tials for the clique $\OT1/cmr/bx/n/9 X[] \OT1/cmr/m/n/9 =
 []

[8]

LaTeX Font Warning: Command \small invalid in math mode on input line 466.


LaTeX Font Warning: Command \small invalid in math mode on input line 477.

[9 <./../images/theoryFig/unary_alt-eps-converted-to.pdf> <./../images/theoryFi
g/clique1-eps-converted-to.pdf> <./../images/theoryFig/clique2-eps-converted-to
.pdf>]

LaTeX Font Warning: Command \small invalid in math mode on input line 495.

<../images/synthetic_results/linear_w5.png, id=265, 1572.5952pt x 724.8681pt>
File: ../images/synthetic_results/linear_w5.png Graphic file (type png)

<use ../images/synthetic_results/linear_w5.png>
Package pdftex.def Info: ../images/synthetic_results/linear_w5.png used on inpu
t line 521.
(pdftex.def)             Requested size: 312.40912pt x 143.99771pt.

<../images/synthetic_results/quadratic_w3.png, id=266, 1480.0896pt x 724.8681pt
>
File: ../images/synthetic_results/quadratic_w3.png Graphic file (type png)
 <use ../images/synthetic_results/quadratic_w3.png>
Package pdftex.def Info: ../images/synthetic_results/quadratic_w3.png used on i
nput line 530.
(pdftex.def)             Requested size: 312.40912pt x 153.00102pt.
 [10] [11 <../images/synthetic_results/linear_w5.png>]
<../images/inpainting_results/penguin-input.png, id=293, 122.4575pt x 179.67125
pt>
File: ../images/inpainting_results/penguin-input.png Graphic file (type png)
 <use ../images/inpainting_results/penguin-input.png>
Package pdftex.def Info: ../images/inpainting_results/penguin-input.png used on
 input line 551.
(pdftex.def)             Requested size: 61.22859pt x 89.83539pt.

<../images/inpainting_results/penguin_COOC_w40_M40.png, id=294, 122.4575pt x 17
9.67125pt>
File: ../images/inpainting_results/penguin_COOC_w40_M40.png Graphic file (type 
png)
 <use ../images/inpainting_results/penguin_COOC_w40_M40.png>
Package pdftex.def Info: ../images/inpainting_results/penguin_COOC_w40_M40.png 
used on input line 552.
(pdftex.def)             Requested size: 61.22859pt x 89.83539pt.

<../images/inpainting_results/penguin_HIER_w40_M40.png, id=295, 122.4575pt x 17
9.67125pt>
File: ../images/inpainting_results/penguin_HIER_w40_M40.png Graphic file (type 
png)
 <use ../images/inpainting_results/penguin_HIER_w40_M40.png>
Package pdftex.def Info: ../images/inpainting_results/penguin_HIER_w40_M40.png 
used on input line 553.
(pdftex.def)             Requested size: 61.22859pt x 89.83539pt.

<../images/inpainting_results/confFileInpainting_penguinL20_m1_M40_wc40_labelin
g.png, id=296, 122.4575pt x 179.67125pt>
File: ../images/inpainting_results/confFileInpainting_penguinL20_m1_M40_wc40_la
beling.png Graphic file (type png)

<use ../images/inpainting_results/confFileInpainting_penguinL20_m1_M40_wc40_lab
eling.png>
Package pdftex.def Info: ../images/inpainting_results/confFileInpainting_pengui
nL20_m1_M40_wc40_labeling.png used on input line 554.
(pdftex.def)             Requested size: 61.22859pt x 89.83539pt.

<../images/inpainting_results/confFileInpainting_penguinL20_m3_M40_wc40_labelin
g.png, id=297, 122.4575pt x 179.67125pt>
File: ../images/inpainting_results/confFileInpainting_penguinL20_m3_M40_wc40_la
beling.png Graphic file (type png)

<use ../images/inpainting_results/confFileInpainting_penguinL20_m3_M40_wc40_lab
eling.png>
Package pdftex.def Info: ../images/inpainting_results/confFileInpainting_pengui
nL20_m3_M40_wc40_labeling.png used on input line 555.
(pdftex.def)             Requested size: 61.22859pt x 89.83539pt.

<../images/inpainting_results/house-input.png, id=298, 256.96pt x 256.96pt>
File: ../images/inpainting_results/house-input.png Graphic file (type png)

<use ../images/inpainting_results/house-input.png>
Package pdftex.def Info: ../images/inpainting_results/house-input.png used on i
nput line 558.
(pdftex.def)             Requested size: 64.23984pt x 64.23984pt.

<../images/inpainting_results/house_COOC_w50_M50.png, id=299, 256.96pt x 256.96
pt>
File: ../images/inpainting_results/house_COOC_w50_M50.png Graphic file (type pn
g)
 <use ../images/inpainting_results/house_COOC_w50_M50.png>
Package pdftex.def Info: ../images/inpainting_results/house_COOC_w50_M50.png us
ed on input line 559.
(pdftex.def)             Requested size: 64.23984pt x 64.23984pt.

<../images/inpainting_results/house_HIER_w50_M50.png, id=300, 256.96pt x 256.96
pt>
File: ../images/inpainting_results/house_HIER_w50_M50.png Graphic file (type pn
g)
 <use ../images/inpainting_results/house_HIER_w50_M50.png>
Package pdftex.def Info: ../images/inpainting_results/house_HIER_w50_M50.png us
ed on input line 560.
(pdftex.def)             Requested size: 64.23984pt x 64.23984pt.

<../images/inpainting_results/confFileInpainting_houseL20_m1_M50_wc50_labeling.
png, id=301, 256.96pt x 256.96pt>
File: ../images/inpainting_results/confFileInpainting_houseL20_m1_M50_wc50_labe
ling.png Graphic file (type png)

<use ../images/inpainting_results/confFileInpainting_houseL20_m1_M50_wc50_label
ing.png>
Package pdftex.def Info: ../images/inpainting_results/confFileInpainting_houseL
20_m1_M50_wc50_labeling.png used on input line 561.
(pdftex.def)             Requested size: 64.23984pt x 64.23984pt.

<../images/inpainting_results/confFileInpainting_houseL20_m3_M50_wc50_labeling.
png, id=302, 256.96pt x 256.96pt>
File: ../images/inpainting_results/confFileInpainting_houseL20_m3_M50_wc50_labe
ling.png Graphic file (type png)

<use ../images/inpainting_results/confFileInpainting_houseL20_m3_M50_wc50_label
ing.png>
Package pdftex.def Info: ../images/inpainting_results/confFileInpainting_houseL
20_m3_M50_wc50_labeling.png used on input line 562.
(pdftex.def)             Requested size: 64.23984pt x 64.23984pt.
 [12 <../images/synthetic_results/quadratic_w3.png>]
<../images/stereo_results/tsukuba_groundtruth.png, id=334, 385.44pt x 289.08pt>
File: ../images/stereo_results/tsukuba_groundtruth.png Graphic file (type png)
<use ../images/stereo_results/tsukuba_groundtruth.png>
Package pdftex.def Info: ../images/stereo_results/tsukuba_groundtruth.png used 
on input line 583.
(pdftex.def)             Requested size: 65.52393pt x 49.14294pt.

<../images/stereo_results/tsukuba_COOC_M5_wc20.png, id=335, 385.44pt x 289.08pt
>
File: ../images/stereo_results/tsukuba_COOC_M5_wc20.png Graphic file (type png)

 <use ../images/stereo_results/tsukuba_COOC_M5_wc20.png>
Package pdftex.def Info: ../images/stereo_results/tsukuba_COOC_M5_wc20.png used
 on input line 584.
(pdftex.def)             Requested size: 65.52393pt x 49.14294pt.

<../images/stereo_results/tsukuba_HIER_M5_wc20.png, id=336, 385.44pt x 289.08pt
>
File: ../images/stereo_results/tsukuba_HIER_M5_wc20.png Graphic file (type png)

 <use ../images/stereo_results/tsukuba_HIER_M5_wc20.png>
Package pdftex.def Info: ../images/stereo_results/tsukuba_HIER_M5_wc20.png used
 on input line 585.
(pdftex.def)             Requested size: 65.52393pt x 49.14294pt.

<../images/stereo_results/tsukubaL4_m1_M5_wc20.png, id=337, 385.44pt x 289.08pt
>
File: ../images/stereo_results/tsukubaL4_m1_M5_wc20.png Graphic file (type png)

 <use ../images/stereo_results/tsukubaL4_m1_M5_wc20.png>
Package pdftex.def Info: ../images/stereo_results/tsukubaL4_m1_M5_wc20.png used
 on input line 586.
(pdftex.def)             Requested size: 65.52393pt x 49.14294pt.

<../images/stereo_results/tsukubaL4_m3_M5_wc20.png, id=338, 385.44pt x 289.08pt
>
File: ../images/stereo_results/tsukubaL4_m3_M5_wc20.png Graphic file (type png)

 <use ../images/stereo_results/tsukubaL4_m3_M5_wc20.png>
Package pdftex.def Info: ../images/stereo_results/tsukubaL4_m3_M5_wc20.png used
 on input line 587.
(pdftex.def)             Requested size: 65.52393pt x 49.14294pt.

<../images/stereo_results/teddy_groundtruth.png, id=339, 451.6875pt x 376.40625
pt>
File: ../images/stereo_results/teddy_groundtruth.png Graphic file (type png)
 <use ../images/stereo_results/teddy_groundtruth.png>
Package pdftex.def Info: ../images/stereo_results/teddy_groundtruth.png used on
 input line 590.
(pdftex.def)             Requested size: 67.7502pt x 56.4585pt.

<../images/stereo_results/teddy_COOC_M1_wc20.png, id=340, 451.6875pt x 376.4062
5pt>
File: ../images/stereo_results/teddy_COOC_M1_wc20.png Graphic file (type png)
 <use ../images/stereo_results/teddy_COOC_M1_wc20.png>
Package pdftex.def Info: ../images/stereo_results/teddy_COOC_M1_wc20.png used o
n input line 591.
(pdftex.def)             Requested size: 67.7502pt x 56.4585pt.

<../images/stereo_results/teddy_HIER_M1_wc20.png, id=341, 451.6875pt x 376.4062
5pt>
File: ../images/stereo_results/teddy_HIER_M1_wc20.png Graphic file (type png)
 <use ../images/stereo_results/teddy_HIER_M1_wc20.png>
Package pdftex.def Info: ../images/stereo_results/teddy_HIER_M1_wc20.png used o
n input line 592.
(pdftex.def)             Requested size: 67.7502pt x 56.4585pt.

<../images/stereo_results/teddyL1_m1_M1_wc20.png, id=342, 451.6875pt x 376.4062
5pt>
File: ../images/stereo_results/teddyL1_m1_M1_wc20.png Graphic file (type png)
 <use ../images/stereo_results/teddyL1_m1_M1_wc20.png>
Package pdftex.def Info: ../images/stereo_results/teddyL1_m1_M1_wc20.png used o
n input line 593.
(pdftex.def)             Requested size: 67.7502pt x 56.4585pt.

<../images/stereo_results/teddyL1_m3_M1_wc20.png, id=343, 451.6875pt x 376.4062
5pt>
File: ../images/stereo_results/teddyL1_m3_M1_wc20.png Graphic file (type png)
 <use ../images/stereo_results/teddyL1_m3_M1_wc20.png>
Package pdftex.def Info: ../images/stereo_results/teddyL1_m3_M1_wc20.png used o
n input line 594.
(pdftex.def)             Requested size: 67.7502pt x 56.4585pt.

<../images/stereo_results/venus_groundtruth.png, id=344, 435.6275pt x 384.43625
pt>
File: ../images/stereo_results/venus_groundtruth.png Graphic file (type png)
 <use ../images/stereo_results/venus_groundtruth.png>
Package pdftex.def Info: ../images/stereo_results/venus_groundtruth.png used on
 input line 597.
(pdftex.def)             Requested size: 65.3413pt x 57.66295pt.

<../images/stereo_results/venus_COOC_M5_wc20.png, id=345, 435.6275pt x 384.4362
5pt>
File: ../images/stereo_results/venus_COOC_M5_wc20.png Graphic file (type png)
 <use ../images/stereo_results/venus_COOC_M5_wc20.png>
Package pdftex.def Info: ../images/stereo_results/venus_COOC_M5_wc20.png used o
n input line 598.
(pdftex.def)             Requested size: 65.3413pt x 57.66295pt.

<../images/stereo_results/venus_HIER_M5_wc20.png, id=346, 435.6275pt x 384.4362
5pt>
File: ../images/stereo_results/venus_HIER_M5_wc20.png Graphic file (type png)
 <use ../images/stereo_results/venus_HIER_M5_wc20.png>
Package pdftex.def Info: ../images/stereo_results/venus_HIER_M5_wc20.png used o
n input line 599.
(pdftex.def)             Requested size: 65.3413pt x 57.66295pt.

<../images/stereo_results/venusL4_m1_M5_wc20.png, id=347, 435.6275pt x 384.4362
5pt>
File: ../images/stereo_results/venusL4_m1_M5_wc20.png Graphic file (type png)
 <use ../images/stereo_results/venusL4_m1_M5_wc20.png>
Package pdftex.def Info: ../images/stereo_results/venusL4_m1_M5_wc20.png used o
n input line 600.
(pdftex.def)             Requested size: 65.3413pt x 57.66295pt.

<../images/stereo_results/venusL4_m3_M5_wc20.png, id=348, 435.6275pt x 384.4362
5pt>
File: ../images/stereo_results/venusL4_m3_M5_wc20.png Graphic file (type png)
 <use ../images/stereo_results/venusL4_m3_M5_wc20.png>
Package pdftex.def Info: ../images/stereo_results/venusL4_m3_M5_wc20.png used o
n input line 601.
(pdftex.def)             Requested size: 65.3413pt x 57.66295pt.

Overfull \hbox (5.62732pt too wide) in paragraph at lines 582--607
 [][] 
 []

[13 <../images/inpainting_results/penguin-input.png (PNG copy)> <../images/inpa
inting_results/penguin_COOC_w40_M40.png (PNG copy)> <../images/inpainting_resul
ts/penguin_HIER_w40_M40.png (PNG copy)> <../images/inpainting_results/confFileI
npainting_penguinL20_m1_M40_wc40_labeling.png (PNG copy)> <../images/inpainting
_results/confFileInpainting_penguinL20_m3_M40_wc40_labeling.png (PNG copy)> <..
/images/inpainting_results/house-input.png (PNG copy)> <../images/inpainting_re
sults/house_COOC_w50_M50.png (PNG copy)> <../images/inpainting_results/house_HI
ER_w50_M50.png (PNG copy)> <../images/inpainting_results/confFileInpainting_hou
seL20_m1_M50_wc50_labeling.png (PNG copy)> <../images/inpainting_results/confFi
leInpainting_houseL20_m3_M50_wc50_labeling.png (PNG copy)>] [14 <../images/ster
eo_results/tsukuba_groundtruth.png> <../images/stereo_results/tsukuba_COOC_M5_w
c20.png (PNG copy)> <../images/stereo_results/tsukuba_HIER_M5_wc20.png (PNG cop
y)> <../images/stereo_results/tsukubaL4_m1_M5_wc20.png (PNG copy)> <../images/s
tereo_results/tsukubaL4_m3_M5_wc20.png (PNG copy)> <../images/stereo_results/te
ddy_groundtruth.png (PNG copy)> <../images/stereo_results/teddy_COOC_M1_wc20.pn
g (PNG copy)> <../images/stereo_results/teddy_HIER_M1_wc20.png (PNG copy)> <../
images/stereo_results/teddyL1_m1_M1_wc20.png (PNG copy)> <../images/stereo_resu
lts/teddyL1_m3_M1_wc20.png (PNG copy)> <../images/stereo_results/venus_groundtr
uth.png (PNG copy)> <../images/stereo_results/venus_COOC_M5_wc20.png (PNG copy)
> <../images/stereo_results/venus_HIER_M5_wc20.png (PNG copy)> <../images/stere
o_results/venusL4_m1_M5_wc20.png (PNG copy)> <../images/stereo_results/venusL4_
m3_M5_wc20.png (PNG copy)>] (./eccv2016submission.bbl (./eccv2016submission.brf
)
\tf@brf=\write3
\openout3 = `eccv2016submission.brf'.

)
Package atveryend Info: Empty hook `BeforeClearDocument' on input line 638.
 [15

]
Package atveryend Info: Empty hook `AfterLastShipout' on input line 638.
 (./eccv2016submission.aux)
Package atveryend Info: Executing hook `AtVeryEndDocument' on input line 638.
Package atveryend Info: Executing hook `AtEndAfterFileList' on input line 638.
Package rerunfilecheck Info: File `eccv2016submission.brf' has not changed.
(rerunfilecheck)             Checksum: 0D9CA599181D76869E79BCDB8F5FCE0E;2523.


LaTeX Font Warning: Size substitutions with differences
(Font)              up to 4.5pt have occurred.


LaTeX Warning: There were multiply-defined labels.

Package atveryend Info: Empty hook `AtVeryVeryEnd' on input line 638.
 ) 
Here is how much of TeX's memory you used:
 9614 strings out of 495028
 144310 string characters out of 6181496
 255205 words of memory out of 5000000
 12495 multiletter control sequences out of 15000+600000
 15337 words of font info for 59 fonts, out of 8000000 for 9000
 14 hyphenation exceptions out of 8191
 37i,14n,39p,1483b,705s stack positions out of 5000i,500n,10000p,200000b,80000s
</usr/share/texlive/texmf-dist/fonts/type1/public/amsfonts/cm/cmbx10.pfb></us
r/share/texlive/texmf-dist/fonts/type1/public/amsfonts/cm/cmbx12.pfb></usr/shar
e/texlive/texmf-dist/fonts/type1/public/amsfonts/cm/cmbx6.pfb></usr/share/texli
ve/texmf-dist/fonts/type1/public/amsfonts/cm/cmbx7.pfb></usr/share/texlive/texm
f-dist/fonts/type1/public/amsfonts/cm/cmbx9.pfb></usr/share/texlive/texmf-dist/
fonts/type1/public/amsfonts/cm/cmcsc10.pfb></usr/share/texlive/texmf-dist/fonts
/type1/public/amsfonts/cm/cmex10.pfb></usr/share/texlive/texmf-dist/fonts/type1
/public/amsfonts/cmextra/cmex9.pfb></usr/share/texlive/texmf-dist/fonts/type1/p
ublic/amsfonts/cm/cmmi10.pfb></usr/share/texlive/texmf-dist/fonts/type1/public/
amsfonts/cm/cmmi5.pfb></usr/share/texlive/texmf-dist/fonts/type1/public/amsfont
s/cm/cmmi6.pfb></usr/share/texlive/texmf-dist/fonts/type1/public/amsfonts/cm/cm
mi7.pfb></usr/share/texlive/texmf-dist/fonts/type1/public/amsfonts/cm/cmmi9.pfb
></usr/share/texlive/texmf-dist/fonts/type1/public/amsfonts/cm/cmr10.pfb></usr/
share/texlive/texmf-dist/fonts/type1/public/amsfonts/cm/cmr6.pfb></usr/share/te
xlive/texmf-dist/fonts/type1/public/amsfonts/cm/cmr7.pfb></usr/share/texlive/te
xmf-dist/fonts/type1/public/amsfonts/cm/cmr9.pfb></usr/share/texlive/texmf-dist
/fonts/type1/public/amsfonts/cm/cmss10.pfb></usr/share/texlive/texmf-dist/fonts
/type1/public/amsfonts/cm/cmss8.pfb></usr/share/texlive/texmf-dist/fonts/type1/
public/amsfonts/cm/cmss9.pfb></usr/share/texlive/texmf-dist/fonts/type1/public/
amsfonts/cm/cmsy10.pfb></usr/share/texlive/texmf-dist/fonts/type1/public/amsfon
ts/cm/cmsy5.pfb></usr/share/texlive/texmf-dist/fonts/type1/public/amsfonts/cm/c
msy6.pfb></usr/share/texlive/texmf-dist/fonts/type1/public/amsfonts/cm/cmsy7.pf
b></usr/share/texlive/texmf-dist/fonts/type1/public/amsfonts/cm/cmsy9.pfb></usr
/share/texlive/texmf-dist/fonts/type1/public/amsfonts/cm/cmti10.pfb></usr/share
/texlive/texmf-dist/fonts/type1/public/amsfonts/cm/cmti9.pfb></usr/share/texliv
e/texmf-dist/fonts/type1/public/amsfonts/symbols/msbm10.pfb>
Output written on eccv2016submission.pdf (15 pages, 1601211 bytes).
PDF statistics:
 551 PDF objects out of 1000 (max. 8388607)
 378 compressed objects within 4 object streams
 86 named destinations out of 1000 (max. 500000)
 177 words of extra memory for PDF output out of 10000 (max. 10000000)

